ARM GAS  /var/folders/b6/_lrwbzzx5qg46wbggw31g5280000gn/T//ccuplOkq.s 			page 1


   1              		.cpu cortex-m0plus
   2              		.eabi_attribute 20, 1
   3              		.eabi_attribute 21, 1
   4              		.eabi_attribute 23, 3
   5              		.eabi_attribute 24, 1
   6              		.eabi_attribute 25, 1
   7              		.eabi_attribute 26, 1
   8              		.eabi_attribute 30, 1
   9              		.eabi_attribute 34, 0
  10              		.eabi_attribute 18, 4
  11              		.file	"dma.c"
  12              		.text
  13              	.Ltext0:
  14              		.cfi_sections	.debug_frame
  15              		.section	.text.MX_DMA_Init,"ax",%progbits
  16              		.align	1
  17              		.global	MX_DMA_Init
  18              		.arch armv6s-m
  19              		.syntax unified
  20              		.code	16
  21              		.thumb_func
  22              		.fpu softvfp
  24              	MX_DMA_Init:
  25              	.LFB40:
  26              		.file 1 "Core/Src/dma.c"
   1:Core/Src/dma.c **** /**
   2:Core/Src/dma.c ****   ******************************************************************************
   3:Core/Src/dma.c ****   * @file    dma.c
   4:Core/Src/dma.c ****   * @brief   This file provides code for the configuration
   5:Core/Src/dma.c ****   *          of all the requested memory to memory DMA transfers.
   6:Core/Src/dma.c ****   ******************************************************************************
   7:Core/Src/dma.c ****   * @attention
   8:Core/Src/dma.c ****   *
   9:Core/Src/dma.c ****   * <h2><center>&copy; Copyright (c) 2022 STMicroelectronics.
  10:Core/Src/dma.c ****   * All rights reserved.</center></h2>
  11:Core/Src/dma.c ****   *
  12:Core/Src/dma.c ****   * This software component is licensed by ST under BSD 3-Clause license,
  13:Core/Src/dma.c ****   * the "License"; You may not use this file except in compliance with the
  14:Core/Src/dma.c ****   * License. You may obtain a copy of the License at:
  15:Core/Src/dma.c ****   *                        opensource.org/licenses/BSD-3-Clause
  16:Core/Src/dma.c ****   *
  17:Core/Src/dma.c ****   ******************************************************************************
  18:Core/Src/dma.c ****   */
  19:Core/Src/dma.c **** 
  20:Core/Src/dma.c **** /* Includes ------------------------------------------------------------------*/
  21:Core/Src/dma.c **** #include "dma.h"
  22:Core/Src/dma.c **** 
  23:Core/Src/dma.c **** /* USER CODE BEGIN 0 */
  24:Core/Src/dma.c **** 
  25:Core/Src/dma.c **** /* USER CODE END 0 */
  26:Core/Src/dma.c **** 
  27:Core/Src/dma.c **** /*----------------------------------------------------------------------------*/
  28:Core/Src/dma.c **** /* Configure DMA                                                              */
  29:Core/Src/dma.c **** /*----------------------------------------------------------------------------*/
  30:Core/Src/dma.c **** 
  31:Core/Src/dma.c **** /* USER CODE BEGIN 1 */
  32:Core/Src/dma.c **** 
ARM GAS  /var/folders/b6/_lrwbzzx5qg46wbggw31g5280000gn/T//ccuplOkq.s 			page 2


  33:Core/Src/dma.c **** /* USER CODE END 1 */
  34:Core/Src/dma.c **** 
  35:Core/Src/dma.c **** /**
  36:Core/Src/dma.c ****   * Enable DMA controller clock
  37:Core/Src/dma.c ****   */
  38:Core/Src/dma.c **** void MX_DMA_Init(void)
  39:Core/Src/dma.c **** {
  27              		.loc 1 39 1 view -0
  28              		.cfi_startproc
  29              		@ args = 0, pretend = 0, frame = 8
  30              		@ frame_needed = 0, uses_anonymous_args = 0
  31 0000 00B5     		push	{lr}
  32              	.LCFI0:
  33              		.cfi_def_cfa_offset 4
  34              		.cfi_offset 14, -4
  35 0002 83B0     		sub	sp, sp, #12
  36              	.LCFI1:
  37              		.cfi_def_cfa_offset 16
  40:Core/Src/dma.c **** 
  41:Core/Src/dma.c ****   /* DMA controller clock enable */
  42:Core/Src/dma.c ****   __HAL_RCC_DMA1_CLK_ENABLE();
  38              		.loc 1 42 3 view .LVU1
  39              	.LBB2:
  40              		.loc 1 42 3 view .LVU2
  41              		.loc 1 42 3 view .LVU3
  42 0004 094A     		ldr	r2, .L2
  43 0006 116B     		ldr	r1, [r2, #48]
  44 0008 0123     		movs	r3, #1
  45 000a 1943     		orrs	r1, r3
  46 000c 1163     		str	r1, [r2, #48]
  47              		.loc 1 42 3 view .LVU4
  48 000e 126B     		ldr	r2, [r2, #48]
  49 0010 1340     		ands	r3, r2
  50 0012 0193     		str	r3, [sp, #4]
  51              		.loc 1 42 3 view .LVU5
  52 0014 019B     		ldr	r3, [sp, #4]
  53              	.LBE2:
  54              		.loc 1 42 3 view .LVU6
  43:Core/Src/dma.c **** 
  44:Core/Src/dma.c ****   /* DMA interrupt init */
  45:Core/Src/dma.c ****   /* DMA1_Channel1_IRQn interrupt configuration */
  46:Core/Src/dma.c ****   HAL_NVIC_SetPriority(DMA1_Channel1_IRQn, 0, 0);
  55              		.loc 1 46 3 view .LVU7
  56 0016 0022     		movs	r2, #0
  57 0018 0021     		movs	r1, #0
  58 001a 0920     		movs	r0, #9
  59 001c FFF7FEFF 		bl	HAL_NVIC_SetPriority
  60              	.LVL0:
  47:Core/Src/dma.c ****   HAL_NVIC_EnableIRQ(DMA1_Channel1_IRQn);
  61              		.loc 1 47 3 view .LVU8
  62 0020 0920     		movs	r0, #9
  63 0022 FFF7FEFF 		bl	HAL_NVIC_EnableIRQ
  64              	.LVL1:
  48:Core/Src/dma.c **** 
  49:Core/Src/dma.c **** }
  65              		.loc 1 49 1 is_stmt 0 view .LVU9
  66 0026 03B0     		add	sp, sp, #12
ARM GAS  /var/folders/b6/_lrwbzzx5qg46wbggw31g5280000gn/T//ccuplOkq.s 			page 3


  67              		@ sp needed
  68 0028 00BD     		pop	{pc}
  69              	.L3:
  70 002a C046     		.align	2
  71              	.L2:
  72 002c 00100240 		.word	1073876992
  73              		.cfi_endproc
  74              	.LFE40:
  76              		.text
  77              	.Letext0:
  78              		.file 2 "/Applications/ARM/arm-none-eabi/include/machine/_default_types.h"
  79              		.file 3 "/Applications/ARM/arm-none-eabi/include/sys/_stdint.h"
  80              		.file 4 "Drivers/CMSIS/Device/ST/STM32L0xx/Include/system_stm32l0xx.h"
  81              		.file 5 "Drivers/CMSIS/Device/ST/STM32L0xx/Include/stm32l041xx.h"
  82              		.file 6 "Drivers/STM32L0xx_HAL_Driver/Inc/stm32l0xx_hal.h"
  83              		.file 7 "Drivers/STM32L0xx_HAL_Driver/Inc/stm32l0xx_hal_cortex.h"
ARM GAS  /var/folders/b6/_lrwbzzx5qg46wbggw31g5280000gn/T//ccuplOkq.s 			page 4


DEFINED SYMBOLS
                            *ABS*:0000000000000000 dma.c
/var/folders/b6/_lrwbzzx5qg46wbggw31g5280000gn/T//ccuplOkq.s:16     .text.MX_DMA_Init:0000000000000000 $t
/var/folders/b6/_lrwbzzx5qg46wbggw31g5280000gn/T//ccuplOkq.s:24     .text.MX_DMA_Init:0000000000000000 MX_DMA_Init
/var/folders/b6/_lrwbzzx5qg46wbggw31g5280000gn/T//ccuplOkq.s:72     .text.MX_DMA_Init:000000000000002c $d

UNDEFINED SYMBOLS
HAL_NVIC_SetPriority
HAL_NVIC_EnableIRQ
