ARM GAS  /var/folders/b6/_lrwbzzx5qg46wbggw31g5280000gn/T//cc9O0S02.s 			page 1


   1              		.cpu cortex-m0plus
   2              		.eabi_attribute 20, 1
   3              		.eabi_attribute 21, 1
   4              		.eabi_attribute 23, 3
   5              		.eabi_attribute 24, 1
   6              		.eabi_attribute 25, 1
   7              		.eabi_attribute 26, 1
   8              		.eabi_attribute 30, 1
   9              		.eabi_attribute 34, 0
  10              		.eabi_attribute 18, 4
  11              		.file	"gpio.c"
  12              		.text
  13              	.Ltext0:
  14              		.cfi_sections	.debug_frame
  15              		.section	.text.MX_GPIO_Init,"ax",%progbits
  16              		.align	1
  17              		.global	MX_GPIO_Init
  18              		.arch armv6s-m
  19              		.syntax unified
  20              		.code	16
  21              		.thumb_func
  22              		.fpu softvfp
  24              	MX_GPIO_Init:
  25              	.LFB40:
  26              		.file 1 "Core/Src/gpio.c"
   1:Core/Src/gpio.c **** /**
   2:Core/Src/gpio.c ****   ******************************************************************************
   3:Core/Src/gpio.c ****   * @file    gpio.c
   4:Core/Src/gpio.c ****   * @brief   This file provides code for the configuration
   5:Core/Src/gpio.c ****   *          of all used GPIO pins.
   6:Core/Src/gpio.c ****   ******************************************************************************
   7:Core/Src/gpio.c ****   * @attention
   8:Core/Src/gpio.c ****   *
   9:Core/Src/gpio.c ****   * <h2><center>&copy; Copyright (c) 2022 STMicroelectronics.
  10:Core/Src/gpio.c ****   * All rights reserved.</center></h2>
  11:Core/Src/gpio.c ****   *
  12:Core/Src/gpio.c ****   * This software component is licensed by ST under BSD 3-Clause license,
  13:Core/Src/gpio.c ****   * the "License"; You may not use this file except in compliance with the
  14:Core/Src/gpio.c ****   * License. You may obtain a copy of the License at:
  15:Core/Src/gpio.c ****   *                        opensource.org/licenses/BSD-3-Clause
  16:Core/Src/gpio.c ****   *
  17:Core/Src/gpio.c ****   ******************************************************************************
  18:Core/Src/gpio.c ****   */
  19:Core/Src/gpio.c **** 
  20:Core/Src/gpio.c **** /* Includes ------------------------------------------------------------------*/
  21:Core/Src/gpio.c **** #include "gpio.h"
  22:Core/Src/gpio.c **** 
  23:Core/Src/gpio.c **** /* USER CODE BEGIN 0 */
  24:Core/Src/gpio.c **** 
  25:Core/Src/gpio.c **** /* USER CODE END 0 */
  26:Core/Src/gpio.c **** 
  27:Core/Src/gpio.c **** /*----------------------------------------------------------------------------*/
  28:Core/Src/gpio.c **** /* Configure GPIO                                                             */
  29:Core/Src/gpio.c **** /*----------------------------------------------------------------------------*/
  30:Core/Src/gpio.c **** /* USER CODE BEGIN 1 */
  31:Core/Src/gpio.c **** 
  32:Core/Src/gpio.c **** /* USER CODE END 1 */
ARM GAS  /var/folders/b6/_lrwbzzx5qg46wbggw31g5280000gn/T//cc9O0S02.s 			page 2


  33:Core/Src/gpio.c **** 
  34:Core/Src/gpio.c **** /** Configure pins as
  35:Core/Src/gpio.c ****         * Analog
  36:Core/Src/gpio.c ****         * Input
  37:Core/Src/gpio.c ****         * Output
  38:Core/Src/gpio.c ****         * EVENT_OUT
  39:Core/Src/gpio.c ****         * EXTI
  40:Core/Src/gpio.c **** */
  41:Core/Src/gpio.c **** void MX_GPIO_Init(void)
  42:Core/Src/gpio.c **** {
  27              		.loc 1 42 1 view -0
  28              		.cfi_startproc
  29              		@ args = 0, pretend = 0, frame = 32
  30              		@ frame_needed = 0, uses_anonymous_args = 0
  31 0000 70B5     		push	{r4, r5, r6, lr}
  32              	.LCFI0:
  33              		.cfi_def_cfa_offset 16
  34              		.cfi_offset 4, -16
  35              		.cfi_offset 5, -12
  36              		.cfi_offset 6, -8
  37              		.cfi_offset 14, -4
  38 0002 88B0     		sub	sp, sp, #32
  39              	.LCFI1:
  40              		.cfi_def_cfa_offset 48
  43:Core/Src/gpio.c **** 
  44:Core/Src/gpio.c ****   GPIO_InitTypeDef GPIO_InitStruct = {0};
  41              		.loc 1 44 3 view .LVU1
  42              		.loc 1 44 20 is_stmt 0 view .LVU2
  43 0004 1422     		movs	r2, #20
  44 0006 0021     		movs	r1, #0
  45 0008 03A8     		add	r0, sp, #12
  46 000a FFF7FEFF 		bl	memset
  47              	.LVL0:
  45:Core/Src/gpio.c **** 
  46:Core/Src/gpio.c ****   /* GPIO Ports Clock Enable */
  47:Core/Src/gpio.c ****   __HAL_RCC_GPIOC_CLK_ENABLE();
  48              		.loc 1 47 3 is_stmt 1 view .LVU3
  49              	.LBB2:
  50              		.loc 1 47 3 view .LVU4
  51              		.loc 1 47 3 view .LVU5
  52 000e 2C4B     		ldr	r3, .L2
  53 0010 D96A     		ldr	r1, [r3, #44]
  54 0012 0422     		movs	r2, #4
  55 0014 1143     		orrs	r1, r2
  56 0016 D962     		str	r1, [r3, #44]
  57              		.loc 1 47 3 view .LVU6
  58 0018 D96A     		ldr	r1, [r3, #44]
  59 001a 0A40     		ands	r2, r1
  60 001c 0092     		str	r2, [sp]
  61              		.loc 1 47 3 view .LVU7
  62 001e 009A     		ldr	r2, [sp]
  63              	.LBE2:
  64              		.loc 1 47 3 view .LVU8
  48:Core/Src/gpio.c ****   __HAL_RCC_GPIOA_CLK_ENABLE();
  65              		.loc 1 48 3 view .LVU9
  66              	.LBB3:
  67              		.loc 1 48 3 view .LVU10
ARM GAS  /var/folders/b6/_lrwbzzx5qg46wbggw31g5280000gn/T//cc9O0S02.s 			page 3


  68              		.loc 1 48 3 view .LVU11
  69 0020 DA6A     		ldr	r2, [r3, #44]
  70 0022 0124     		movs	r4, #1
  71 0024 2243     		orrs	r2, r4
  72 0026 DA62     		str	r2, [r3, #44]
  73              		.loc 1 48 3 view .LVU12
  74 0028 DA6A     		ldr	r2, [r3, #44]
  75 002a 2240     		ands	r2, r4
  76 002c 0192     		str	r2, [sp, #4]
  77              		.loc 1 48 3 view .LVU13
  78 002e 019A     		ldr	r2, [sp, #4]
  79              	.LBE3:
  80              		.loc 1 48 3 view .LVU14
  49:Core/Src/gpio.c ****   __HAL_RCC_GPIOB_CLK_ENABLE();
  81              		.loc 1 49 3 view .LVU15
  82              	.LBB4:
  83              		.loc 1 49 3 view .LVU16
  84              		.loc 1 49 3 view .LVU17
  85 0030 D96A     		ldr	r1, [r3, #44]
  86 0032 0222     		movs	r2, #2
  87 0034 1143     		orrs	r1, r2
  88 0036 D962     		str	r1, [r3, #44]
  89              		.loc 1 49 3 view .LVU18
  90 0038 DB6A     		ldr	r3, [r3, #44]
  91 003a 1A40     		ands	r2, r3
  92 003c 0292     		str	r2, [sp, #8]
  93              		.loc 1 49 3 view .LVU19
  94 003e 029B     		ldr	r3, [sp, #8]
  95              	.LBE4:
  96              		.loc 1 49 3 view .LVU20
  50:Core/Src/gpio.c **** 
  51:Core/Src/gpio.c ****   /*Configure GPIO pin Output Level */
  52:Core/Src/gpio.c ****   HAL_GPIO_WritePin(GPIOA, SPI_CS_DAC_Pin|SPI_nRST_LCD_Pin|RANGE_SW_Pin, GPIO_PIN_RESET);
  97              		.loc 1 52 3 view .LVU21
  98 0040 C221     		movs	r1, #194
  99 0042 A025     		movs	r5, #160
 100 0044 ED05     		lsls	r5, r5, #23
 101 0046 0022     		movs	r2, #0
 102 0048 C900     		lsls	r1, r1, #3
 103 004a 2800     		movs	r0, r5
 104 004c FFF7FEFF 		bl	HAL_GPIO_WritePin
 105              	.LVL1:
  53:Core/Src/gpio.c **** 
  54:Core/Src/gpio.c ****   /*Configure GPIO pin : PtPin */
  55:Core/Src/gpio.c ****   GPIO_InitStruct.Pin = ENCODER_A_Pin;
 106              		.loc 1 55 3 view .LVU22
 107              		.loc 1 55 23 is_stmt 0 view .LVU23
 108 0050 8023     		movs	r3, #128
 109 0052 DB01     		lsls	r3, r3, #7
 110 0054 0393     		str	r3, [sp, #12]
  56:Core/Src/gpio.c ****   GPIO_InitStruct.Mode = GPIO_MODE_IT_RISING_FALLING;
 111              		.loc 1 56 3 is_stmt 1 view .LVU24
 112              		.loc 1 56 24 is_stmt 0 view .LVU25
 113 0056 C423     		movs	r3, #196
 114 0058 9B03     		lsls	r3, r3, #14
 115 005a 0493     		str	r3, [sp, #16]
  57:Core/Src/gpio.c ****   GPIO_InitStruct.Pull = GPIO_PULLUP;
ARM GAS  /var/folders/b6/_lrwbzzx5qg46wbggw31g5280000gn/T//cc9O0S02.s 			page 4


 116              		.loc 1 57 3 is_stmt 1 view .LVU26
 117              		.loc 1 57 24 is_stmt 0 view .LVU27
 118 005c 0594     		str	r4, [sp, #20]
  58:Core/Src/gpio.c ****   HAL_GPIO_Init(ENCODER_A_GPIO_Port, &GPIO_InitStruct);
 119              		.loc 1 58 3 is_stmt 1 view .LVU28
 120 005e 194E     		ldr	r6, .L2+4
 121 0060 03A9     		add	r1, sp, #12
 122 0062 3000     		movs	r0, r6
 123 0064 FFF7FEFF 		bl	HAL_GPIO_Init
 124              	.LVL2:
  59:Core/Src/gpio.c **** 
  60:Core/Src/gpio.c ****   /*Configure GPIO pin : PtPin */
  61:Core/Src/gpio.c ****   GPIO_InitStruct.Pin = ENCODER_B_Pin;
 125              		.loc 1 61 3 view .LVU29
 126              		.loc 1 61 23 is_stmt 0 view .LVU30
 127 0068 8023     		movs	r3, #128
 128 006a 1B02     		lsls	r3, r3, #8
 129 006c 0393     		str	r3, [sp, #12]
  62:Core/Src/gpio.c ****   GPIO_InitStruct.Mode = GPIO_MODE_IT_RISING;
 130              		.loc 1 62 3 is_stmt 1 view .LVU31
 131              		.loc 1 62 24 is_stmt 0 view .LVU32
 132 006e 8823     		movs	r3, #136
 133 0070 5B03     		lsls	r3, r3, #13
 134 0072 0493     		str	r3, [sp, #16]
  63:Core/Src/gpio.c ****   GPIO_InitStruct.Pull = GPIO_PULLUP;
 135              		.loc 1 63 3 is_stmt 1 view .LVU33
 136              		.loc 1 63 24 is_stmt 0 view .LVU34
 137 0074 0594     		str	r4, [sp, #20]
  64:Core/Src/gpio.c ****   HAL_GPIO_Init(ENCODER_B_GPIO_Port, &GPIO_InitStruct);
 138              		.loc 1 64 3 is_stmt 1 view .LVU35
 139 0076 03A9     		add	r1, sp, #12
 140 0078 3000     		movs	r0, r6
 141 007a FFF7FEFF 		bl	HAL_GPIO_Init
 142              	.LVL3:
  65:Core/Src/gpio.c **** 
  66:Core/Src/gpio.c ****   /*Configure GPIO pins : PAPin PAPin */
  67:Core/Src/gpio.c ****   GPIO_InitStruct.Pin = SPI_CS_DAC_Pin|SPI_nRST_LCD_Pin;
 143              		.loc 1 67 3 view .LVU36
 144              		.loc 1 67 23 is_stmt 0 view .LVU37
 145 007e 8423     		movs	r3, #132
 146 0080 9B00     		lsls	r3, r3, #2
 147 0082 0393     		str	r3, [sp, #12]
  68:Core/Src/gpio.c ****   GPIO_InitStruct.Mode = GPIO_MODE_OUTPUT_PP;
 148              		.loc 1 68 3 is_stmt 1 view .LVU38
 149              		.loc 1 68 24 is_stmt 0 view .LVU39
 150 0084 0494     		str	r4, [sp, #16]
  69:Core/Src/gpio.c ****   GPIO_InitStruct.Pull = GPIO_NOPULL;
 151              		.loc 1 69 3 is_stmt 1 view .LVU40
 152              		.loc 1 69 24 is_stmt 0 view .LVU41
 153 0086 0026     		movs	r6, #0
 154 0088 0596     		str	r6, [sp, #20]
  70:Core/Src/gpio.c ****   GPIO_InitStruct.Speed = GPIO_SPEED_FREQ_VERY_HIGH;
 155              		.loc 1 70 3 is_stmt 1 view .LVU42
 156              		.loc 1 70 25 is_stmt 0 view .LVU43
 157 008a 0323     		movs	r3, #3
 158 008c 0693     		str	r3, [sp, #24]
  71:Core/Src/gpio.c ****   HAL_GPIO_Init(GPIOA, &GPIO_InitStruct);
ARM GAS  /var/folders/b6/_lrwbzzx5qg46wbggw31g5280000gn/T//cc9O0S02.s 			page 5


 159              		.loc 1 71 3 is_stmt 1 view .LVU44
 160 008e 03A9     		add	r1, sp, #12
 161 0090 2800     		movs	r0, r5
 162 0092 FFF7FEFF 		bl	HAL_GPIO_Init
 163              	.LVL4:
  72:Core/Src/gpio.c **** 
  73:Core/Src/gpio.c ****   /*Configure GPIO pin : PtPin */
  74:Core/Src/gpio.c ****   GPIO_InitStruct.Pin = RANGE_SW_Pin;
 164              		.loc 1 74 3 view .LVU45
 165              		.loc 1 74 23 is_stmt 0 view .LVU46
 166 0096 8023     		movs	r3, #128
 167 0098 DB00     		lsls	r3, r3, #3
 168 009a 0393     		str	r3, [sp, #12]
  75:Core/Src/gpio.c ****   GPIO_InitStruct.Mode = GPIO_MODE_OUTPUT_PP;
 169              		.loc 1 75 3 is_stmt 1 view .LVU47
 170              		.loc 1 75 24 is_stmt 0 view .LVU48
 171 009c 0494     		str	r4, [sp, #16]
  76:Core/Src/gpio.c ****   GPIO_InitStruct.Pull = GPIO_NOPULL;
 172              		.loc 1 76 3 is_stmt 1 view .LVU49
 173              		.loc 1 76 24 is_stmt 0 view .LVU50
 174 009e 0596     		str	r6, [sp, #20]
  77:Core/Src/gpio.c ****   GPIO_InitStruct.Speed = GPIO_SPEED_FREQ_LOW;
 175              		.loc 1 77 3 is_stmt 1 view .LVU51
 176              		.loc 1 77 25 is_stmt 0 view .LVU52
 177 00a0 0696     		str	r6, [sp, #24]
  78:Core/Src/gpio.c ****   HAL_GPIO_Init(RANGE_SW_GPIO_Port, &GPIO_InitStruct);
 178              		.loc 1 78 3 is_stmt 1 view .LVU53
 179 00a2 03A9     		add	r1, sp, #12
 180 00a4 2800     		movs	r0, r5
 181 00a6 FFF7FEFF 		bl	HAL_GPIO_Init
 182              	.LVL5:
  79:Core/Src/gpio.c **** 
  80:Core/Src/gpio.c ****   /* EXTI interrupt init*/
  81:Core/Src/gpio.c ****   HAL_NVIC_SetPriority(EXTI4_15_IRQn, 0, 0);
 183              		.loc 1 81 3 view .LVU54
 184 00aa 0022     		movs	r2, #0
 185 00ac 0021     		movs	r1, #0
 186 00ae 0720     		movs	r0, #7
 187 00b0 FFF7FEFF 		bl	HAL_NVIC_SetPriority
 188              	.LVL6:
  82:Core/Src/gpio.c ****   HAL_NVIC_EnableIRQ(EXTI4_15_IRQn);
 189              		.loc 1 82 3 view .LVU55
 190 00b4 0720     		movs	r0, #7
 191 00b6 FFF7FEFF 		bl	HAL_NVIC_EnableIRQ
 192              	.LVL7:
  83:Core/Src/gpio.c **** 
  84:Core/Src/gpio.c **** }
 193              		.loc 1 84 1 is_stmt 0 view .LVU56
 194 00ba 08B0     		add	sp, sp, #32
 195              		@ sp needed
 196 00bc 70BD     		pop	{r4, r5, r6, pc}
 197              	.L3:
 198 00be C046     		.align	2
 199              	.L2:
 200 00c0 00100240 		.word	1073876992
 201 00c4 00080050 		.word	1342179328
 202              		.cfi_endproc
ARM GAS  /var/folders/b6/_lrwbzzx5qg46wbggw31g5280000gn/T//cc9O0S02.s 			page 6


 203              	.LFE40:
 205              		.section	.text.GPIO_InitLCD,"ax",%progbits
 206              		.align	1
 207              		.global	GPIO_InitLCD
 208              		.syntax unified
 209              		.code	16
 210              		.thumb_func
 211              		.fpu softvfp
 213              	GPIO_InitLCD:
 214              	.LFB41:
  85:Core/Src/gpio.c **** 
  86:Core/Src/gpio.c **** /* USER CODE BEGIN 2 */
  87:Core/Src/gpio.c **** void GPIO_InitLCD(void) {
 215              		.loc 1 87 25 is_stmt 1 view -0
 216              		.cfi_startproc
 217              		@ args = 0, pretend = 0, frame = 24
 218              		@ frame_needed = 0, uses_anonymous_args = 0
 219 0000 70B5     		push	{r4, r5, r6, lr}
 220              	.LCFI2:
 221              		.cfi_def_cfa_offset 16
 222              		.cfi_offset 4, -16
 223              		.cfi_offset 5, -12
 224              		.cfi_offset 6, -8
 225              		.cfi_offset 14, -4
 226 0002 86B0     		sub	sp, sp, #24
 227              	.LCFI3:
 228              		.cfi_def_cfa_offset 40
  88:Core/Src/gpio.c ****   GPIO_InitTypeDef GPIO_InitStruct = {0};
 229              		.loc 1 88 3 view .LVU58
 230              		.loc 1 88 20 is_stmt 0 view .LVU59
 231 0004 1422     		movs	r2, #20
 232 0006 0021     		movs	r1, #0
 233 0008 01A8     		add	r0, sp, #4
 234 000a FFF7FEFF 		bl	memset
 235              	.LVL8:
  89:Core/Src/gpio.c **** 
  90:Core/Src/gpio.c ****   __HAL_RCC_GPIOA_CLK_ENABLE();
 236              		.loc 1 90 3 is_stmt 1 view .LVU60
 237              	.LBB5:
 238              		.loc 1 90 3 view .LVU61
 239              		.loc 1 90 3 view .LVU62
 240 000e 1A4B     		ldr	r3, .L5
 241 0010 DA6A     		ldr	r2, [r3, #44]
 242 0012 0125     		movs	r5, #1
 243 0014 2A43     		orrs	r2, r5
 244 0016 DA62     		str	r2, [r3, #44]
 245              		.loc 1 90 3 view .LVU63
 246 0018 DB6A     		ldr	r3, [r3, #44]
 247 001a 2B40     		ands	r3, r5
 248 001c 0093     		str	r3, [sp]
 249              		.loc 1 90 3 view .LVU64
 250 001e 009B     		ldr	r3, [sp]
 251              	.LBE5:
 252              		.loc 1 90 3 view .LVU65
  91:Core/Src/gpio.c **** 
  92:Core/Src/gpio.c ****   /*Configure GPIO pin Output Level */
  93:Core/Src/gpio.c ****   HAL_GPIO_WritePin(UART_TX_SPI_CS_LCD_GPIO_Port, 
ARM GAS  /var/folders/b6/_lrwbzzx5qg46wbggw31g5280000gn/T//cc9O0S02.s 			page 7


 253              		.loc 1 93 3 view .LVU66
 254 0020 A024     		movs	r4, #160
 255 0022 E405     		lsls	r4, r4, #23
 256 0024 0022     		movs	r2, #0
 257 0026 0421     		movs	r1, #4
 258 0028 2000     		movs	r0, r4
 259 002a FFF7FEFF 		bl	HAL_GPIO_WritePin
 260              	.LVL9:
  94:Core/Src/gpio.c ****                     UART_TX_SPI_CS_LCD_Pin, 
  95:Core/Src/gpio.c ****                     GPIO_PIN_RESET);
  96:Core/Src/gpio.c ****   HAL_GPIO_WritePin(UART_RX_SPI_DC_LCD_GPIO_Port, 
 261              		.loc 1 96 3 view .LVU67
 262 002e 0022     		movs	r2, #0
 263 0030 0821     		movs	r1, #8
 264 0032 2000     		movs	r0, r4
 265 0034 FFF7FEFF 		bl	HAL_GPIO_WritePin
 266              	.LVL10:
  97:Core/Src/gpio.c ****                     UART_RX_SPI_DC_LCD_Pin, 
  98:Core/Src/gpio.c ****                     GPIO_PIN_RESET);
  99:Core/Src/gpio.c ****   HAL_GPIO_WritePin(SPI_nRST_LCD_GPIO_Port, 
 267              		.loc 1 99 3 view .LVU68
 268 0038 8026     		movs	r6, #128
 269 003a B600     		lsls	r6, r6, #2
 270 003c 0022     		movs	r2, #0
 271 003e 3100     		movs	r1, r6
 272 0040 2000     		movs	r0, r4
 273 0042 FFF7FEFF 		bl	HAL_GPIO_WritePin
 274              	.LVL11:
 100:Core/Src/gpio.c ****                     SPI_nRST_LCD_Pin, 
 101:Core/Src/gpio.c ****                     GPIO_PIN_RESET);
 102:Core/Src/gpio.c **** 
 103:Core/Src/gpio.c ****   GPIO_InitStruct.Pin = UART_TX_SPI_CS_LCD_Pin;
 275              		.loc 1 103 3 view .LVU69
 276              		.loc 1 103 23 is_stmt 0 view .LVU70
 277 0046 0423     		movs	r3, #4
 278 0048 0193     		str	r3, [sp, #4]
 104:Core/Src/gpio.c ****   GPIO_InitStruct.Mode = GPIO_MODE_OUTPUT_PP;
 279              		.loc 1 104 3 is_stmt 1 view .LVU71
 280              		.loc 1 104 24 is_stmt 0 view .LVU72
 281 004a 0295     		str	r5, [sp, #8]
 105:Core/Src/gpio.c ****   GPIO_InitStruct.Pull = GPIO_NOPULL;
 282              		.loc 1 105 3 is_stmt 1 view .LVU73
 283              		.loc 1 105 24 is_stmt 0 view .LVU74
 284 004c 0023     		movs	r3, #0
 285 004e 0393     		str	r3, [sp, #12]
 106:Core/Src/gpio.c ****   GPIO_InitStruct.Speed = GPIO_SPEED_FREQ_VERY_HIGH;
 286              		.loc 1 106 3 is_stmt 1 view .LVU75
 287              		.loc 1 106 25 is_stmt 0 view .LVU76
 288 0050 0333     		adds	r3, r3, #3
 289 0052 0493     		str	r3, [sp, #16]
 107:Core/Src/gpio.c ****   HAL_GPIO_Init(UART_TX_SPI_CS_LCD_GPIO_Port, &GPIO_InitStruct);     
 290              		.loc 1 107 3 is_stmt 1 view .LVU77
 291 0054 01A9     		add	r1, sp, #4
 292 0056 2000     		movs	r0, r4
 293 0058 FFF7FEFF 		bl	HAL_GPIO_Init
 294              	.LVL12:
 108:Core/Src/gpio.c **** 
ARM GAS  /var/folders/b6/_lrwbzzx5qg46wbggw31g5280000gn/T//cc9O0S02.s 			page 8


 109:Core/Src/gpio.c ****   GPIO_InitStruct.Pin = UART_RX_SPI_DC_LCD_Pin;    
 295              		.loc 1 109 3 view .LVU78
 296              		.loc 1 109 23 is_stmt 0 view .LVU79
 297 005c 0823     		movs	r3, #8
 298 005e 0193     		str	r3, [sp, #4]
 110:Core/Src/gpio.c ****   HAL_GPIO_Init(UART_RX_SPI_DC_LCD_GPIO_Port, &GPIO_InitStruct);        
 299              		.loc 1 110 3 is_stmt 1 view .LVU80
 300 0060 01A9     		add	r1, sp, #4
 301 0062 2000     		movs	r0, r4
 302 0064 FFF7FEFF 		bl	HAL_GPIO_Init
 303              	.LVL13:
 111:Core/Src/gpio.c **** 
 112:Core/Src/gpio.c ****   GPIO_InitStruct.Pin = SPI_nRST_LCD_Pin;    
 304              		.loc 1 112 3 view .LVU81
 305              		.loc 1 112 23 is_stmt 0 view .LVU82
 306 0068 0196     		str	r6, [sp, #4]
 113:Core/Src/gpio.c ****   HAL_GPIO_Init(SPI_nRST_LCD_GPIO_Port, &GPIO_InitStruct);        
 307              		.loc 1 113 3 is_stmt 1 view .LVU83
 308 006a 01A9     		add	r1, sp, #4
 309 006c 2000     		movs	r0, r4
 310 006e FFF7FEFF 		bl	HAL_GPIO_Init
 311              	.LVL14:
 114:Core/Src/gpio.c **** }
 312              		.loc 1 114 1 is_stmt 0 view .LVU84
 313 0072 06B0     		add	sp, sp, #24
 314              		@ sp needed
 315 0074 70BD     		pop	{r4, r5, r6, pc}
 316              	.L6:
 317 0076 C046     		.align	2
 318              	.L5:
 319 0078 00100240 		.word	1073876992
 320              		.cfi_endproc
 321              	.LFE41:
 323              		.text
 324              	.Letext0:
 325              		.file 2 "/Applications/ARM/arm-none-eabi/include/machine/_default_types.h"
 326              		.file 3 "/Applications/ARM/arm-none-eabi/include/sys/_stdint.h"
 327              		.file 4 "Drivers/CMSIS/Device/ST/STM32L0xx/Include/system_stm32l0xx.h"
 328              		.file 5 "Drivers/CMSIS/Device/ST/STM32L0xx/Include/stm32l041xx.h"
 329              		.file 6 "Drivers/STM32L0xx_HAL_Driver/Inc/stm32l0xx_hal_gpio.h"
 330              		.file 7 "Drivers/STM32L0xx_HAL_Driver/Inc/stm32l0xx_hal.h"
 331              		.file 8 "Drivers/STM32L0xx_HAL_Driver/Inc/stm32l0xx_hal_cortex.h"
 332              		.file 9 "<built-in>"
ARM GAS  /var/folders/b6/_lrwbzzx5qg46wbggw31g5280000gn/T//cc9O0S02.s 			page 9


DEFINED SYMBOLS
                            *ABS*:0000000000000000 gpio.c
/var/folders/b6/_lrwbzzx5qg46wbggw31g5280000gn/T//cc9O0S02.s:16     .text.MX_GPIO_Init:0000000000000000 $t
/var/folders/b6/_lrwbzzx5qg46wbggw31g5280000gn/T//cc9O0S02.s:24     .text.MX_GPIO_Init:0000000000000000 MX_GPIO_Init
/var/folders/b6/_lrwbzzx5qg46wbggw31g5280000gn/T//cc9O0S02.s:200    .text.MX_GPIO_Init:00000000000000c0 $d
/var/folders/b6/_lrwbzzx5qg46wbggw31g5280000gn/T//cc9O0S02.s:206    .text.GPIO_InitLCD:0000000000000000 $t
/var/folders/b6/_lrwbzzx5qg46wbggw31g5280000gn/T//cc9O0S02.s:213    .text.GPIO_InitLCD:0000000000000000 GPIO_InitLCD
/var/folders/b6/_lrwbzzx5qg46wbggw31g5280000gn/T//cc9O0S02.s:319    .text.GPIO_InitLCD:0000000000000078 $d

UNDEFINED SYMBOLS
memset
HAL_GPIO_WritePin
HAL_GPIO_Init
HAL_NVIC_SetPriority
HAL_NVIC_EnableIRQ
