ARM GAS  /var/folders/b6/_lrwbzzx5qg46wbggw31g5280000gn/T//cc4JSGGC.s 			page 1


   1              		.cpu cortex-m0plus
   2              		.eabi_attribute 20, 1
   3              		.eabi_attribute 21, 1
   4              		.eabi_attribute 23, 3
   5              		.eabi_attribute 24, 1
   6              		.eabi_attribute 25, 1
   7              		.eabi_attribute 26, 1
   8              		.eabi_attribute 30, 1
   9              		.eabi_attribute 34, 0
  10              		.eabi_attribute 18, 4
  11              		.file	"stm32l0xx_hal_adc_ex.c"
  12              		.text
  13              	.Ltext0:
  14              		.cfi_sections	.debug_frame
  15              		.section	.text.HAL_ADCEx_Calibration_Start,"ax",%progbits
  16              		.align	1
  17              		.global	HAL_ADCEx_Calibration_Start
  18              		.arch armv6s-m
  19              		.syntax unified
  20              		.code	16
  21              		.thumb_func
  22              		.fpu softvfp
  24              	HAL_ADCEx_Calibration_Start:
  25              	.LVL0:
  26              	.LFB40:
  27              		.file 1 "Drivers/STM32L0xx_HAL_Driver/Src/stm32l0xx_hal_adc_ex.c"
   1:Drivers/STM32L0xx_HAL_Driver/Src/stm32l0xx_hal_adc_ex.c **** /**
   2:Drivers/STM32L0xx_HAL_Driver/Src/stm32l0xx_hal_adc_ex.c ****   ******************************************************************************
   3:Drivers/STM32L0xx_HAL_Driver/Src/stm32l0xx_hal_adc_ex.c ****   * @file    stm32l0xx_hal_adc_ex.c
   4:Drivers/STM32L0xx_HAL_Driver/Src/stm32l0xx_hal_adc_ex.c ****   * @author  MCD Application Team
   5:Drivers/STM32L0xx_HAL_Driver/Src/stm32l0xx_hal_adc_ex.c ****   * @brief   This file provides firmware functions to manage the following 
   6:Drivers/STM32L0xx_HAL_Driver/Src/stm32l0xx_hal_adc_ex.c ****   *          functionalities of the Analog to Digital Convertor (ADC)
   7:Drivers/STM32L0xx_HAL_Driver/Src/stm32l0xx_hal_adc_ex.c ****   *          peripheral:
   8:Drivers/STM32L0xx_HAL_Driver/Src/stm32l0xx_hal_adc_ex.c ****   *           + Operation functions
   9:Drivers/STM32L0xx_HAL_Driver/Src/stm32l0xx_hal_adc_ex.c ****   *             ++ Calibration
  10:Drivers/STM32L0xx_HAL_Driver/Src/stm32l0xx_hal_adc_ex.c ****   *               +++ ADC automatic self-calibration
  11:Drivers/STM32L0xx_HAL_Driver/Src/stm32l0xx_hal_adc_ex.c ****   *               +++ Calibration factors get or set
  12:Drivers/STM32L0xx_HAL_Driver/Src/stm32l0xx_hal_adc_ex.c ****   *          Other functions (generic functions) are available in file 
  13:Drivers/STM32L0xx_HAL_Driver/Src/stm32l0xx_hal_adc_ex.c ****   *          "stm32l0xx_hal_adc.c".
  14:Drivers/STM32L0xx_HAL_Driver/Src/stm32l0xx_hal_adc_ex.c ****   *
  15:Drivers/STM32L0xx_HAL_Driver/Src/stm32l0xx_hal_adc_ex.c ****   @verbatim
  16:Drivers/STM32L0xx_HAL_Driver/Src/stm32l0xx_hal_adc_ex.c ****   [..] 
  17:Drivers/STM32L0xx_HAL_Driver/Src/stm32l0xx_hal_adc_ex.c ****   (@) Sections "ADC peripheral features" and "How to use this driver" are
  18:Drivers/STM32L0xx_HAL_Driver/Src/stm32l0xx_hal_adc_ex.c ****       available in file of generic functions "stm32l0xx_hal_adc.c".
  19:Drivers/STM32L0xx_HAL_Driver/Src/stm32l0xx_hal_adc_ex.c ****   [..]
  20:Drivers/STM32L0xx_HAL_Driver/Src/stm32l0xx_hal_adc_ex.c ****   @endverbatim
  21:Drivers/STM32L0xx_HAL_Driver/Src/stm32l0xx_hal_adc_ex.c ****   ******************************************************************************
  22:Drivers/STM32L0xx_HAL_Driver/Src/stm32l0xx_hal_adc_ex.c ****   * @attention
  23:Drivers/STM32L0xx_HAL_Driver/Src/stm32l0xx_hal_adc_ex.c ****   *
  24:Drivers/STM32L0xx_HAL_Driver/Src/stm32l0xx_hal_adc_ex.c ****   * <h2><center>&copy; Copyright(c) 2016 STMicroelectronics.
  25:Drivers/STM32L0xx_HAL_Driver/Src/stm32l0xx_hal_adc_ex.c ****   * All rights reserved.</center></h2>
  26:Drivers/STM32L0xx_HAL_Driver/Src/stm32l0xx_hal_adc_ex.c ****   *
  27:Drivers/STM32L0xx_HAL_Driver/Src/stm32l0xx_hal_adc_ex.c ****   * This software component is licensed by ST under BSD 3-Clause license,
  28:Drivers/STM32L0xx_HAL_Driver/Src/stm32l0xx_hal_adc_ex.c ****   * the "License"; You may not use this file except in compliance with the
  29:Drivers/STM32L0xx_HAL_Driver/Src/stm32l0xx_hal_adc_ex.c ****   * License. You may obtain a copy of the License at:
  30:Drivers/STM32L0xx_HAL_Driver/Src/stm32l0xx_hal_adc_ex.c ****   *                        opensource.org/licenses/BSD-3-Clause
  31:Drivers/STM32L0xx_HAL_Driver/Src/stm32l0xx_hal_adc_ex.c ****   *
ARM GAS  /var/folders/b6/_lrwbzzx5qg46wbggw31g5280000gn/T//cc4JSGGC.s 			page 2


  32:Drivers/STM32L0xx_HAL_Driver/Src/stm32l0xx_hal_adc_ex.c ****   ******************************************************************************
  33:Drivers/STM32L0xx_HAL_Driver/Src/stm32l0xx_hal_adc_ex.c ****   */
  34:Drivers/STM32L0xx_HAL_Driver/Src/stm32l0xx_hal_adc_ex.c **** 
  35:Drivers/STM32L0xx_HAL_Driver/Src/stm32l0xx_hal_adc_ex.c **** /* Includes ------------------------------------------------------------------*/
  36:Drivers/STM32L0xx_HAL_Driver/Src/stm32l0xx_hal_adc_ex.c **** #include "stm32l0xx_hal.h"
  37:Drivers/STM32L0xx_HAL_Driver/Src/stm32l0xx_hal_adc_ex.c **** 
  38:Drivers/STM32L0xx_HAL_Driver/Src/stm32l0xx_hal_adc_ex.c **** /** @addtogroup STM32L0xx_HAL_Driver
  39:Drivers/STM32L0xx_HAL_Driver/Src/stm32l0xx_hal_adc_ex.c ****   * @{
  40:Drivers/STM32L0xx_HAL_Driver/Src/stm32l0xx_hal_adc_ex.c ****   */
  41:Drivers/STM32L0xx_HAL_Driver/Src/stm32l0xx_hal_adc_ex.c **** 
  42:Drivers/STM32L0xx_HAL_Driver/Src/stm32l0xx_hal_adc_ex.c **** /** @defgroup ADCEx ADCEx
  43:Drivers/STM32L0xx_HAL_Driver/Src/stm32l0xx_hal_adc_ex.c ****   * @brief ADC Extended HAL module driver
  44:Drivers/STM32L0xx_HAL_Driver/Src/stm32l0xx_hal_adc_ex.c ****   * @{
  45:Drivers/STM32L0xx_HAL_Driver/Src/stm32l0xx_hal_adc_ex.c ****   */
  46:Drivers/STM32L0xx_HAL_Driver/Src/stm32l0xx_hal_adc_ex.c **** 
  47:Drivers/STM32L0xx_HAL_Driver/Src/stm32l0xx_hal_adc_ex.c **** #ifdef HAL_ADC_MODULE_ENABLED
  48:Drivers/STM32L0xx_HAL_Driver/Src/stm32l0xx_hal_adc_ex.c **** 
  49:Drivers/STM32L0xx_HAL_Driver/Src/stm32l0xx_hal_adc_ex.c **** /* Private typedef -----------------------------------------------------------*/
  50:Drivers/STM32L0xx_HAL_Driver/Src/stm32l0xx_hal_adc_ex.c **** /* Private define ------------------------------------------------------------*/
  51:Drivers/STM32L0xx_HAL_Driver/Src/stm32l0xx_hal_adc_ex.c **** 
  52:Drivers/STM32L0xx_HAL_Driver/Src/stm32l0xx_hal_adc_ex.c **** /** @defgroup ADCEx_Private_Constants ADC Extended Private Constants
  53:Drivers/STM32L0xx_HAL_Driver/Src/stm32l0xx_hal_adc_ex.c ****   * @{
  54:Drivers/STM32L0xx_HAL_Driver/Src/stm32l0xx_hal_adc_ex.c ****   */
  55:Drivers/STM32L0xx_HAL_Driver/Src/stm32l0xx_hal_adc_ex.c **** 
  56:Drivers/STM32L0xx_HAL_Driver/Src/stm32l0xx_hal_adc_ex.c ****   /* Fixed timeout values for ADC calibration, enable settling time, disable  */
  57:Drivers/STM32L0xx_HAL_Driver/Src/stm32l0xx_hal_adc_ex.c ****   /* settling time.                                                           */
  58:Drivers/STM32L0xx_HAL_Driver/Src/stm32l0xx_hal_adc_ex.c ****   /* Values defined to be higher than worst cases: low clock frequency,       */
  59:Drivers/STM32L0xx_HAL_Driver/Src/stm32l0xx_hal_adc_ex.c ****   /* maximum prescaler.                                                       */
  60:Drivers/STM32L0xx_HAL_Driver/Src/stm32l0xx_hal_adc_ex.c ****   /* Unit: ms                                                                 */
  61:Drivers/STM32L0xx_HAL_Driver/Src/stm32l0xx_hal_adc_ex.c ****   #define ADC_CALIBRATION_TIMEOUT      10U      
  62:Drivers/STM32L0xx_HAL_Driver/Src/stm32l0xx_hal_adc_ex.c **** 
  63:Drivers/STM32L0xx_HAL_Driver/Src/stm32l0xx_hal_adc_ex.c **** /* Delay for VREFINT stabilization time. */
  64:Drivers/STM32L0xx_HAL_Driver/Src/stm32l0xx_hal_adc_ex.c **** /* Internal reference startup time max value is 3ms  (refer to device datasheet, parameter TVREFINT
  65:Drivers/STM32L0xx_HAL_Driver/Src/stm32l0xx_hal_adc_ex.c **** /* Unit: ms */
  66:Drivers/STM32L0xx_HAL_Driver/Src/stm32l0xx_hal_adc_ex.c **** #define SYSCFG_BUF_VREFINT_ENABLE_TIMEOUT       (3U)
  67:Drivers/STM32L0xx_HAL_Driver/Src/stm32l0xx_hal_adc_ex.c **** 
  68:Drivers/STM32L0xx_HAL_Driver/Src/stm32l0xx_hal_adc_ex.c **** /* Delay for TEMPSENSOR stabilization time. */
  69:Drivers/STM32L0xx_HAL_Driver/Src/stm32l0xx_hal_adc_ex.c **** /* Temperature sensor startup time max value is 10us  (refer to device datasheet, parameter tSTART)
  70:Drivers/STM32L0xx_HAL_Driver/Src/stm32l0xx_hal_adc_ex.c **** /* Unit: ms */
  71:Drivers/STM32L0xx_HAL_Driver/Src/stm32l0xx_hal_adc_ex.c **** #define SYSCFG_BUF_TEMPSENSOR_ENABLE_TIMEOUT    (1U)
  72:Drivers/STM32L0xx_HAL_Driver/Src/stm32l0xx_hal_adc_ex.c **** 
  73:Drivers/STM32L0xx_HAL_Driver/Src/stm32l0xx_hal_adc_ex.c **** /* Private macro -------------------------------------------------------------*/
  74:Drivers/STM32L0xx_HAL_Driver/Src/stm32l0xx_hal_adc_ex.c **** /* Private variables ---------------------------------------------------------*/
  75:Drivers/STM32L0xx_HAL_Driver/Src/stm32l0xx_hal_adc_ex.c **** /* Private function prototypes -----------------------------------------------*/
  76:Drivers/STM32L0xx_HAL_Driver/Src/stm32l0xx_hal_adc_ex.c **** /* Exported functions --------------------------------------------------------*/
  77:Drivers/STM32L0xx_HAL_Driver/Src/stm32l0xx_hal_adc_ex.c **** 
  78:Drivers/STM32L0xx_HAL_Driver/Src/stm32l0xx_hal_adc_ex.c **** /** @defgroup ADCEx_Exported_Functions ADC Extended Exported Functions
  79:Drivers/STM32L0xx_HAL_Driver/Src/stm32l0xx_hal_adc_ex.c ****   * @{
  80:Drivers/STM32L0xx_HAL_Driver/Src/stm32l0xx_hal_adc_ex.c ****   */
  81:Drivers/STM32L0xx_HAL_Driver/Src/stm32l0xx_hal_adc_ex.c **** 
  82:Drivers/STM32L0xx_HAL_Driver/Src/stm32l0xx_hal_adc_ex.c **** /** @defgroup ADCEx_Exported_Functions_Group1 Extended Input and Output operation functions
  83:Drivers/STM32L0xx_HAL_Driver/Src/stm32l0xx_hal_adc_ex.c ****   * @brief    Extended IO operation functions
  84:Drivers/STM32L0xx_HAL_Driver/Src/stm32l0xx_hal_adc_ex.c ****   *
  85:Drivers/STM32L0xx_HAL_Driver/Src/stm32l0xx_hal_adc_ex.c **** @verbatim
  86:Drivers/STM32L0xx_HAL_Driver/Src/stm32l0xx_hal_adc_ex.c ****  ===============================================================================
  87:Drivers/STM32L0xx_HAL_Driver/Src/stm32l0xx_hal_adc_ex.c ****                       ##### IO operation functions #####
  88:Drivers/STM32L0xx_HAL_Driver/Src/stm32l0xx_hal_adc_ex.c ****  ===============================================================================
ARM GAS  /var/folders/b6/_lrwbzzx5qg46wbggw31g5280000gn/T//cc4JSGGC.s 			page 3


  89:Drivers/STM32L0xx_HAL_Driver/Src/stm32l0xx_hal_adc_ex.c ****     [..]  This section provides functions allowing to:
  90:Drivers/STM32L0xx_HAL_Driver/Src/stm32l0xx_hal_adc_ex.c ****       (+) Perform the ADC calibration.
  91:Drivers/STM32L0xx_HAL_Driver/Src/stm32l0xx_hal_adc_ex.c **** @endverbatim
  92:Drivers/STM32L0xx_HAL_Driver/Src/stm32l0xx_hal_adc_ex.c ****   * @{
  93:Drivers/STM32L0xx_HAL_Driver/Src/stm32l0xx_hal_adc_ex.c ****   */
  94:Drivers/STM32L0xx_HAL_Driver/Src/stm32l0xx_hal_adc_ex.c **** 
  95:Drivers/STM32L0xx_HAL_Driver/Src/stm32l0xx_hal_adc_ex.c **** /**
  96:Drivers/STM32L0xx_HAL_Driver/Src/stm32l0xx_hal_adc_ex.c ****   * @brief  Perform an ADC automatic self-calibration
  97:Drivers/STM32L0xx_HAL_Driver/Src/stm32l0xx_hal_adc_ex.c ****   *         Calibration prerequisite: ADC must be disabled (execute this
  98:Drivers/STM32L0xx_HAL_Driver/Src/stm32l0xx_hal_adc_ex.c ****   *         function before HAL_ADC_Start() or after HAL_ADC_Stop() ).
  99:Drivers/STM32L0xx_HAL_Driver/Src/stm32l0xx_hal_adc_ex.c ****   * @note   Calibration factor can be read after calibration, using function
 100:Drivers/STM32L0xx_HAL_Driver/Src/stm32l0xx_hal_adc_ex.c ****   *         HAL_ADC_GetValue() (value on 7 bits: from DR[6;0]).
 101:Drivers/STM32L0xx_HAL_Driver/Src/stm32l0xx_hal_adc_ex.c ****   * @param  hadc       ADC handle
 102:Drivers/STM32L0xx_HAL_Driver/Src/stm32l0xx_hal_adc_ex.c ****   * @param  SingleDiff Selection of single-ended or differential input
 103:Drivers/STM32L0xx_HAL_Driver/Src/stm32l0xx_hal_adc_ex.c ****   *          This parameter can be only of the following values:
 104:Drivers/STM32L0xx_HAL_Driver/Src/stm32l0xx_hal_adc_ex.c ****   *            @arg ADC_SINGLE_ENDED: Channel in mode input single ended
 105:Drivers/STM32L0xx_HAL_Driver/Src/stm32l0xx_hal_adc_ex.c ****   * @retval HAL status
 106:Drivers/STM32L0xx_HAL_Driver/Src/stm32l0xx_hal_adc_ex.c ****   */
 107:Drivers/STM32L0xx_HAL_Driver/Src/stm32l0xx_hal_adc_ex.c **** HAL_StatusTypeDef HAL_ADCEx_Calibration_Start(ADC_HandleTypeDef* hadc, uint32_t SingleDiff)
 108:Drivers/STM32L0xx_HAL_Driver/Src/stm32l0xx_hal_adc_ex.c **** {
  28              		.loc 1 108 1 view -0
  29              		.cfi_startproc
  30              		@ args = 0, pretend = 0, frame = 0
  31              		@ frame_needed = 0, uses_anonymous_args = 0
  32              		.loc 1 108 1 is_stmt 0 view .LVU1
  33 0000 70B5     		push	{r4, r5, r6, lr}
  34              	.LCFI0:
  35              		.cfi_def_cfa_offset 16
  36              		.cfi_offset 4, -16
  37              		.cfi_offset 5, -12
  38              		.cfi_offset 6, -8
  39              		.cfi_offset 14, -4
  40 0002 0400     		movs	r4, r0
 109:Drivers/STM32L0xx_HAL_Driver/Src/stm32l0xx_hal_adc_ex.c ****   HAL_StatusTypeDef tmp_hal_status = HAL_OK;
  41              		.loc 1 109 3 is_stmt 1 view .LVU2
  42              	.LVL1:
 110:Drivers/STM32L0xx_HAL_Driver/Src/stm32l0xx_hal_adc_ex.c ****   uint32_t tickstart = 0U;
  43              		.loc 1 110 3 view .LVU3
 111:Drivers/STM32L0xx_HAL_Driver/Src/stm32l0xx_hal_adc_ex.c ****   uint32_t backup_setting_adc_dma_transfer = 0U; /* Note: Variable not declared as volatile because
  44              		.loc 1 111 3 view .LVU4
 112:Drivers/STM32L0xx_HAL_Driver/Src/stm32l0xx_hal_adc_ex.c ****   
 113:Drivers/STM32L0xx_HAL_Driver/Src/stm32l0xx_hal_adc_ex.c ****   /* Check the parameters */
 114:Drivers/STM32L0xx_HAL_Driver/Src/stm32l0xx_hal_adc_ex.c ****   assert_param(IS_ADC_ALL_INSTANCE(hadc->Instance));
  45              		.loc 1 114 3 view .LVU5
 115:Drivers/STM32L0xx_HAL_Driver/Src/stm32l0xx_hal_adc_ex.c **** 
 116:Drivers/STM32L0xx_HAL_Driver/Src/stm32l0xx_hal_adc_ex.c ****   /* Process locked */
 117:Drivers/STM32L0xx_HAL_Driver/Src/stm32l0xx_hal_adc_ex.c ****   __HAL_LOCK(hadc);
  46              		.loc 1 117 3 view .LVU6
  47              		.loc 1 117 3 view .LVU7
  48 0004 5023     		movs	r3, #80
  49 0006 C35C     		ldrb	r3, [r0, r3]
  50 0008 012B     		cmp	r3, #1
  51 000a 4DD0     		beq	.L7
  52              		.loc 1 117 3 discriminator 2 view .LVU8
  53 000c 5023     		movs	r3, #80
  54 000e 0122     		movs	r2, #1
  55 0010 C254     		strb	r2, [r0, r3]
ARM GAS  /var/folders/b6/_lrwbzzx5qg46wbggw31g5280000gn/T//cc4JSGGC.s 			page 4


  56              		.loc 1 117 3 discriminator 2 view .LVU9
 118:Drivers/STM32L0xx_HAL_Driver/Src/stm32l0xx_hal_adc_ex.c ****   
 119:Drivers/STM32L0xx_HAL_Driver/Src/stm32l0xx_hal_adc_ex.c ****   /* Calibration prerequisite: ADC must be disabled. */
 120:Drivers/STM32L0xx_HAL_Driver/Src/stm32l0xx_hal_adc_ex.c ****   if (ADC_IS_ENABLE(hadc) == RESET)
  57              		.loc 1 120 3 discriminator 2 view .LVU10
  58              		.loc 1 120 7 is_stmt 0 discriminator 2 view .LVU11
  59 0012 0368     		ldr	r3, [r0]
  60 0014 9968     		ldr	r1, [r3, #8]
  61              	.LVL2:
  62              		.loc 1 120 7 discriminator 2 view .LVU12
  63 0016 0232     		adds	r2, r2, #2
  64 0018 0A40     		ands	r2, r1
  65 001a 012A     		cmp	r2, #1
  66 001c 08D1     		bne	.L3
  67              		.loc 1 120 7 discriminator 1 view .LVU13
  68 001e 1A68     		ldr	r2, [r3]
  69 0020 D207     		lsls	r2, r2, #31
  70 0022 05D5     		bpl	.L3
 121:Drivers/STM32L0xx_HAL_Driver/Src/stm32l0xx_hal_adc_ex.c ****   {
 122:Drivers/STM32L0xx_HAL_Driver/Src/stm32l0xx_hal_adc_ex.c ****     /* Set ADC state */
 123:Drivers/STM32L0xx_HAL_Driver/Src/stm32l0xx_hal_adc_ex.c ****     ADC_STATE_CLR_SET(hadc->State, 
 124:Drivers/STM32L0xx_HAL_Driver/Src/stm32l0xx_hal_adc_ex.c ****                       HAL_ADC_STATE_REG_BUSY,
 125:Drivers/STM32L0xx_HAL_Driver/Src/stm32l0xx_hal_adc_ex.c ****                       HAL_ADC_STATE_BUSY_INTERNAL);
 126:Drivers/STM32L0xx_HAL_Driver/Src/stm32l0xx_hal_adc_ex.c ****     
 127:Drivers/STM32L0xx_HAL_Driver/Src/stm32l0xx_hal_adc_ex.c ****     /* Disable ADC DMA transfer request during calibration */
 128:Drivers/STM32L0xx_HAL_Driver/Src/stm32l0xx_hal_adc_ex.c ****     /* Note: Specificity of this STM32 serie: Calibration factor is           */
 129:Drivers/STM32L0xx_HAL_Driver/Src/stm32l0xx_hal_adc_ex.c ****     /*       available in data register and also transfered by DMA.           */
 130:Drivers/STM32L0xx_HAL_Driver/Src/stm32l0xx_hal_adc_ex.c ****     /*       To not insert ADC calibration factor among ADC conversion data   */
 131:Drivers/STM32L0xx_HAL_Driver/Src/stm32l0xx_hal_adc_ex.c ****     /*       in array variable, DMA transfer must be disabled during          */
 132:Drivers/STM32L0xx_HAL_Driver/Src/stm32l0xx_hal_adc_ex.c ****     /*       calibration.                                                     */
 133:Drivers/STM32L0xx_HAL_Driver/Src/stm32l0xx_hal_adc_ex.c ****     backup_setting_adc_dma_transfer = READ_BIT(hadc->Instance->CFGR1, ADC_CFGR1_DMAEN | ADC_CFGR1_D
 134:Drivers/STM32L0xx_HAL_Driver/Src/stm32l0xx_hal_adc_ex.c ****     CLEAR_BIT(hadc->Instance->CFGR1, ADC_CFGR1_DMAEN | ADC_CFGR1_DMACFG);
 135:Drivers/STM32L0xx_HAL_Driver/Src/stm32l0xx_hal_adc_ex.c ****     
 136:Drivers/STM32L0xx_HAL_Driver/Src/stm32l0xx_hal_adc_ex.c ****     /* Start ADC calibration */
 137:Drivers/STM32L0xx_HAL_Driver/Src/stm32l0xx_hal_adc_ex.c ****     hadc->Instance->CR |= ADC_CR_ADCAL;
 138:Drivers/STM32L0xx_HAL_Driver/Src/stm32l0xx_hal_adc_ex.c ****     
 139:Drivers/STM32L0xx_HAL_Driver/Src/stm32l0xx_hal_adc_ex.c ****     tickstart = HAL_GetTick();  
 140:Drivers/STM32L0xx_HAL_Driver/Src/stm32l0xx_hal_adc_ex.c ****     
 141:Drivers/STM32L0xx_HAL_Driver/Src/stm32l0xx_hal_adc_ex.c ****     /* Wait for calibration completion */
 142:Drivers/STM32L0xx_HAL_Driver/Src/stm32l0xx_hal_adc_ex.c ****     while(HAL_IS_BIT_SET(hadc->Instance->CR, ADC_CR_ADCAL))
 143:Drivers/STM32L0xx_HAL_Driver/Src/stm32l0xx_hal_adc_ex.c ****     {
 144:Drivers/STM32L0xx_HAL_Driver/Src/stm32l0xx_hal_adc_ex.c ****       if((HAL_GetTick() - tickstart) > ADC_CALIBRATION_TIMEOUT)
 145:Drivers/STM32L0xx_HAL_Driver/Src/stm32l0xx_hal_adc_ex.c ****       {
 146:Drivers/STM32L0xx_HAL_Driver/Src/stm32l0xx_hal_adc_ex.c ****         /* New check to avoid false timeout detection in case of preemption */
 147:Drivers/STM32L0xx_HAL_Driver/Src/stm32l0xx_hal_adc_ex.c ****         if(HAL_IS_BIT_SET(hadc->Instance->CR, ADC_CR_ADCAL))
 148:Drivers/STM32L0xx_HAL_Driver/Src/stm32l0xx_hal_adc_ex.c ****         {
 149:Drivers/STM32L0xx_HAL_Driver/Src/stm32l0xx_hal_adc_ex.c ****           /* Update ADC state machine to error */
 150:Drivers/STM32L0xx_HAL_Driver/Src/stm32l0xx_hal_adc_ex.c ****           ADC_STATE_CLR_SET(hadc->State,
 151:Drivers/STM32L0xx_HAL_Driver/Src/stm32l0xx_hal_adc_ex.c ****                             HAL_ADC_STATE_BUSY_INTERNAL,
 152:Drivers/STM32L0xx_HAL_Driver/Src/stm32l0xx_hal_adc_ex.c ****                             HAL_ADC_STATE_ERROR_INTERNAL);
 153:Drivers/STM32L0xx_HAL_Driver/Src/stm32l0xx_hal_adc_ex.c **** 
 154:Drivers/STM32L0xx_HAL_Driver/Src/stm32l0xx_hal_adc_ex.c ****           /* Process unlocked */
 155:Drivers/STM32L0xx_HAL_Driver/Src/stm32l0xx_hal_adc_ex.c ****           __HAL_UNLOCK(hadc);
 156:Drivers/STM32L0xx_HAL_Driver/Src/stm32l0xx_hal_adc_ex.c **** 
 157:Drivers/STM32L0xx_HAL_Driver/Src/stm32l0xx_hal_adc_ex.c ****           return HAL_ERROR;
 158:Drivers/STM32L0xx_HAL_Driver/Src/stm32l0xx_hal_adc_ex.c ****         }
 159:Drivers/STM32L0xx_HAL_Driver/Src/stm32l0xx_hal_adc_ex.c ****       }
ARM GAS  /var/folders/b6/_lrwbzzx5qg46wbggw31g5280000gn/T//cc4JSGGC.s 			page 5


 160:Drivers/STM32L0xx_HAL_Driver/Src/stm32l0xx_hal_adc_ex.c ****     }
 161:Drivers/STM32L0xx_HAL_Driver/Src/stm32l0xx_hal_adc_ex.c ****     
 162:Drivers/STM32L0xx_HAL_Driver/Src/stm32l0xx_hal_adc_ex.c ****     /* Restore ADC DMA transfer request after calibration */
 163:Drivers/STM32L0xx_HAL_Driver/Src/stm32l0xx_hal_adc_ex.c ****     SET_BIT(hadc->Instance->CFGR1, backup_setting_adc_dma_transfer);
 164:Drivers/STM32L0xx_HAL_Driver/Src/stm32l0xx_hal_adc_ex.c ****     
 165:Drivers/STM32L0xx_HAL_Driver/Src/stm32l0xx_hal_adc_ex.c ****     /* Set ADC state */
 166:Drivers/STM32L0xx_HAL_Driver/Src/stm32l0xx_hal_adc_ex.c ****     ADC_STATE_CLR_SET(hadc->State,
 167:Drivers/STM32L0xx_HAL_Driver/Src/stm32l0xx_hal_adc_ex.c ****                       HAL_ADC_STATE_BUSY_INTERNAL,
 168:Drivers/STM32L0xx_HAL_Driver/Src/stm32l0xx_hal_adc_ex.c ****                       HAL_ADC_STATE_READY);
 169:Drivers/STM32L0xx_HAL_Driver/Src/stm32l0xx_hal_adc_ex.c ****   }
 170:Drivers/STM32L0xx_HAL_Driver/Src/stm32l0xx_hal_adc_ex.c ****   else
 171:Drivers/STM32L0xx_HAL_Driver/Src/stm32l0xx_hal_adc_ex.c ****   {
 172:Drivers/STM32L0xx_HAL_Driver/Src/stm32l0xx_hal_adc_ex.c ****     /* Update ADC state machine to error */
 173:Drivers/STM32L0xx_HAL_Driver/Src/stm32l0xx_hal_adc_ex.c ****     SET_BIT(hadc->State, HAL_ADC_STATE_ERROR_CONFIG);
  71              		.loc 1 173 5 is_stmt 1 view .LVU14
  72 0024 436D     		ldr	r3, [r0, #84]
  73 0026 2022     		movs	r2, #32
  74 0028 1343     		orrs	r3, r2
  75 002a 4365     		str	r3, [r0, #84]
 174:Drivers/STM32L0xx_HAL_Driver/Src/stm32l0xx_hal_adc_ex.c ****     
 175:Drivers/STM32L0xx_HAL_Driver/Src/stm32l0xx_hal_adc_ex.c ****     tmp_hal_status = HAL_ERROR;
  76              		.loc 1 175 5 view .LVU15
  77              	.LVL3:
  78              		.loc 1 175 20 is_stmt 0 view .LVU16
  79 002c 0120     		movs	r0, #1
  80              	.LVL4:
  81              		.loc 1 175 20 view .LVU17
  82 002e 37E0     		b	.L4
  83              	.LVL5:
  84              	.L3:
 123:Drivers/STM32L0xx_HAL_Driver/Src/stm32l0xx_hal_adc_ex.c ****                       HAL_ADC_STATE_REG_BUSY,
  85              		.loc 1 123 5 is_stmt 1 view .LVU18
  86 0030 626D     		ldr	r2, [r4, #84]
  87 0032 1E49     		ldr	r1, .L9
  88 0034 0A40     		ands	r2, r1
  89 0036 0631     		adds	r1, r1, #6
  90 0038 FF31     		adds	r1, r1, #255
  91 003a 0A43     		orrs	r2, r1
  92 003c 6265     		str	r2, [r4, #84]
 133:Drivers/STM32L0xx_HAL_Driver/Src/stm32l0xx_hal_adc_ex.c ****     CLEAR_BIT(hadc->Instance->CFGR1, ADC_CFGR1_DMAEN | ADC_CFGR1_DMACFG);
  93              		.loc 1 133 5 view .LVU19
 133:Drivers/STM32L0xx_HAL_Driver/Src/stm32l0xx_hal_adc_ex.c ****     CLEAR_BIT(hadc->Instance->CFGR1, ADC_CFGR1_DMAEN | ADC_CFGR1_DMACFG);
  94              		.loc 1 133 39 is_stmt 0 view .LVU20
  95 003e DE68     		ldr	r6, [r3, #12]
 133:Drivers/STM32L0xx_HAL_Driver/Src/stm32l0xx_hal_adc_ex.c ****     CLEAR_BIT(hadc->Instance->CFGR1, ADC_CFGR1_DMAEN | ADC_CFGR1_DMACFG);
  96              		.loc 1 133 37 view .LVU21
  97 0040 0131     		adds	r1, r1, #1
  98 0042 0E40     		ands	r6, r1
  99              	.LVL6:
 134:Drivers/STM32L0xx_HAL_Driver/Src/stm32l0xx_hal_adc_ex.c ****     
 100              		.loc 1 134 5 is_stmt 1 view .LVU22
 101 0044 DA68     		ldr	r2, [r3, #12]
 102 0046 8A43     		bics	r2, r1
 103 0048 DA60     		str	r2, [r3, #12]
 137:Drivers/STM32L0xx_HAL_Driver/Src/stm32l0xx_hal_adc_ex.c ****     
 104              		.loc 1 137 5 view .LVU23
 137:Drivers/STM32L0xx_HAL_Driver/Src/stm32l0xx_hal_adc_ex.c ****     
ARM GAS  /var/folders/b6/_lrwbzzx5qg46wbggw31g5280000gn/T//cc4JSGGC.s 			page 6


 105              		.loc 1 137 9 is_stmt 0 view .LVU24
 106 004a 2268     		ldr	r2, [r4]
 137:Drivers/STM32L0xx_HAL_Driver/Src/stm32l0xx_hal_adc_ex.c ****     
 107              		.loc 1 137 24 view .LVU25
 108 004c 9168     		ldr	r1, [r2, #8]
 109 004e 8023     		movs	r3, #128
 110 0050 1B06     		lsls	r3, r3, #24
 111 0052 0B43     		orrs	r3, r1
 112 0054 9360     		str	r3, [r2, #8]
 139:Drivers/STM32L0xx_HAL_Driver/Src/stm32l0xx_hal_adc_ex.c ****     
 113              		.loc 1 139 5 is_stmt 1 view .LVU26
 139:Drivers/STM32L0xx_HAL_Driver/Src/stm32l0xx_hal_adc_ex.c ****     
 114              		.loc 1 139 17 is_stmt 0 view .LVU27
 115 0056 FFF7FEFF 		bl	HAL_GetTick
 116              	.LVL7:
 139:Drivers/STM32L0xx_HAL_Driver/Src/stm32l0xx_hal_adc_ex.c ****     
 117              		.loc 1 139 17 view .LVU28
 118 005a 0500     		movs	r5, r0
 119              	.LVL8:
 142:Drivers/STM32L0xx_HAL_Driver/Src/stm32l0xx_hal_adc_ex.c ****     {
 120              		.loc 1 142 5 is_stmt 1 view .LVU29
 121              	.L5:
 142:Drivers/STM32L0xx_HAL_Driver/Src/stm32l0xx_hal_adc_ex.c ****     {
 122              		.loc 1 142 10 view .LVU30
 142:Drivers/STM32L0xx_HAL_Driver/Src/stm32l0xx_hal_adc_ex.c ****     {
 123              		.loc 1 142 11 is_stmt 0 view .LVU31
 124 005c 2368     		ldr	r3, [r4]
 125 005e 9A68     		ldr	r2, [r3, #8]
 142:Drivers/STM32L0xx_HAL_Driver/Src/stm32l0xx_hal_adc_ex.c ****     {
 126              		.loc 1 142 10 view .LVU32
 127 0060 002A     		cmp	r2, #0
 128 0062 13DA     		bge	.L8
 144:Drivers/STM32L0xx_HAL_Driver/Src/stm32l0xx_hal_adc_ex.c ****       {
 129              		.loc 1 144 7 is_stmt 1 view .LVU33
 144:Drivers/STM32L0xx_HAL_Driver/Src/stm32l0xx_hal_adc_ex.c ****       {
 130              		.loc 1 144 11 is_stmt 0 view .LVU34
 131 0064 FFF7FEFF 		bl	HAL_GetTick
 132              	.LVL9:
 144:Drivers/STM32L0xx_HAL_Driver/Src/stm32l0xx_hal_adc_ex.c ****       {
 133              		.loc 1 144 25 view .LVU35
 134 0068 401B     		subs	r0, r0, r5
 144:Drivers/STM32L0xx_HAL_Driver/Src/stm32l0xx_hal_adc_ex.c ****       {
 135              		.loc 1 144 9 view .LVU36
 136 006a 0A28     		cmp	r0, #10
 137 006c F6D9     		bls	.L5
 147:Drivers/STM32L0xx_HAL_Driver/Src/stm32l0xx_hal_adc_ex.c ****         {
 138              		.loc 1 147 9 is_stmt 1 view .LVU37
 147:Drivers/STM32L0xx_HAL_Driver/Src/stm32l0xx_hal_adc_ex.c ****         {
 139              		.loc 1 147 12 is_stmt 0 view .LVU38
 140 006e 2368     		ldr	r3, [r4]
 141 0070 9B68     		ldr	r3, [r3, #8]
 147:Drivers/STM32L0xx_HAL_Driver/Src/stm32l0xx_hal_adc_ex.c ****         {
 142              		.loc 1 147 11 view .LVU39
 143 0072 002B     		cmp	r3, #0
 144 0074 F2DA     		bge	.L5
 150:Drivers/STM32L0xx_HAL_Driver/Src/stm32l0xx_hal_adc_ex.c ****                             HAL_ADC_STATE_BUSY_INTERNAL,
 145              		.loc 1 150 11 is_stmt 1 view .LVU40
ARM GAS  /var/folders/b6/_lrwbzzx5qg46wbggw31g5280000gn/T//cc4JSGGC.s 			page 7


 146 0076 636D     		ldr	r3, [r4, #84]
 147 0078 1222     		movs	r2, #18
 148 007a 9343     		bics	r3, r2
 149 007c 023A     		subs	r2, r2, #2
 150 007e 1343     		orrs	r3, r2
 151 0080 6365     		str	r3, [r4, #84]
 155:Drivers/STM32L0xx_HAL_Driver/Src/stm32l0xx_hal_adc_ex.c **** 
 152              		.loc 1 155 11 view .LVU41
 155:Drivers/STM32L0xx_HAL_Driver/Src/stm32l0xx_hal_adc_ex.c **** 
 153              		.loc 1 155 11 view .LVU42
 154 0082 5023     		movs	r3, #80
 155 0084 0022     		movs	r2, #0
 156 0086 E254     		strb	r2, [r4, r3]
 155:Drivers/STM32L0xx_HAL_Driver/Src/stm32l0xx_hal_adc_ex.c **** 
 157              		.loc 1 155 11 view .LVU43
 157:Drivers/STM32L0xx_HAL_Driver/Src/stm32l0xx_hal_adc_ex.c ****         }
 158              		.loc 1 157 11 view .LVU44
 157:Drivers/STM32L0xx_HAL_Driver/Src/stm32l0xx_hal_adc_ex.c ****         }
 159              		.loc 1 157 18 is_stmt 0 view .LVU45
 160 0088 0120     		movs	r0, #1
 161 008a 0CE0     		b	.L2
 162              	.L8:
 163:Drivers/STM32L0xx_HAL_Driver/Src/stm32l0xx_hal_adc_ex.c ****     
 163              		.loc 1 163 5 is_stmt 1 view .LVU46
 164 008c DA68     		ldr	r2, [r3, #12]
 165 008e 1643     		orrs	r6, r2
 166              	.LVL10:
 163:Drivers/STM32L0xx_HAL_Driver/Src/stm32l0xx_hal_adc_ex.c ****     
 167              		.loc 1 163 5 is_stmt 0 view .LVU47
 168 0090 DE60     		str	r6, [r3, #12]
 166:Drivers/STM32L0xx_HAL_Driver/Src/stm32l0xx_hal_adc_ex.c ****                       HAL_ADC_STATE_BUSY_INTERNAL,
 169              		.loc 1 166 5 is_stmt 1 view .LVU48
 170 0092 636D     		ldr	r3, [r4, #84]
 171 0094 0322     		movs	r2, #3
 172 0096 9343     		bics	r3, r2
 173 0098 023A     		subs	r2, r2, #2
 174 009a 1343     		orrs	r3, r2
 175 009c 6365     		str	r3, [r4, #84]
 109:Drivers/STM32L0xx_HAL_Driver/Src/stm32l0xx_hal_adc_ex.c ****   uint32_t tickstart = 0U;
 176              		.loc 1 109 21 is_stmt 0 view .LVU49
 177 009e 0020     		movs	r0, #0
 178              	.LVL11:
 179              	.L4:
 176:Drivers/STM32L0xx_HAL_Driver/Src/stm32l0xx_hal_adc_ex.c ****   }
 177:Drivers/STM32L0xx_HAL_Driver/Src/stm32l0xx_hal_adc_ex.c ****   
 178:Drivers/STM32L0xx_HAL_Driver/Src/stm32l0xx_hal_adc_ex.c ****   /* Process unlocked */
 179:Drivers/STM32L0xx_HAL_Driver/Src/stm32l0xx_hal_adc_ex.c ****   __HAL_UNLOCK(hadc);
 180              		.loc 1 179 3 is_stmt 1 view .LVU50
 181              		.loc 1 179 3 view .LVU51
 182 00a0 5023     		movs	r3, #80
 183 00a2 0022     		movs	r2, #0
 184 00a4 E254     		strb	r2, [r4, r3]
 185              		.loc 1 179 3 view .LVU52
 180:Drivers/STM32L0xx_HAL_Driver/Src/stm32l0xx_hal_adc_ex.c ****   
 181:Drivers/STM32L0xx_HAL_Driver/Src/stm32l0xx_hal_adc_ex.c ****   /* Return function status */
 182:Drivers/STM32L0xx_HAL_Driver/Src/stm32l0xx_hal_adc_ex.c ****   return tmp_hal_status;
 186              		.loc 1 182 3 view .LVU53
ARM GAS  /var/folders/b6/_lrwbzzx5qg46wbggw31g5280000gn/T//cc4JSGGC.s 			page 8


 187              	.LVL12:
 188              	.L2:
 183:Drivers/STM32L0xx_HAL_Driver/Src/stm32l0xx_hal_adc_ex.c **** }
 189              		.loc 1 183 1 is_stmt 0 view .LVU54
 190              		@ sp needed
 191              	.LVL13:
 192              		.loc 1 183 1 view .LVU55
 193 00a6 70BD     		pop	{r4, r5, r6, pc}
 194              	.LVL14:
 195              	.L7:
 117:Drivers/STM32L0xx_HAL_Driver/Src/stm32l0xx_hal_adc_ex.c ****   
 196              		.loc 1 117 3 view .LVU56
 197 00a8 0220     		movs	r0, #2
 198              	.LVL15:
 117:Drivers/STM32L0xx_HAL_Driver/Src/stm32l0xx_hal_adc_ex.c ****   
 199              		.loc 1 117 3 view .LVU57
 200 00aa FCE7     		b	.L2
 201              	.L10:
 202              		.align	2
 203              	.L9:
 204 00ac FDFEFFFF 		.word	-259
 205              		.cfi_endproc
 206              	.LFE40:
 208              		.section	.text.HAL_ADCEx_Calibration_GetValue,"ax",%progbits
 209              		.align	1
 210              		.global	HAL_ADCEx_Calibration_GetValue
 211              		.syntax unified
 212              		.code	16
 213              		.thumb_func
 214              		.fpu softvfp
 216              	HAL_ADCEx_Calibration_GetValue:
 217              	.LVL16:
 218              	.LFB41:
 184:Drivers/STM32L0xx_HAL_Driver/Src/stm32l0xx_hal_adc_ex.c **** 
 185:Drivers/STM32L0xx_HAL_Driver/Src/stm32l0xx_hal_adc_ex.c **** /**
 186:Drivers/STM32L0xx_HAL_Driver/Src/stm32l0xx_hal_adc_ex.c ****   * @brief  Get the calibration factor.
 187:Drivers/STM32L0xx_HAL_Driver/Src/stm32l0xx_hal_adc_ex.c ****   * @param  hadc ADC handle.
 188:Drivers/STM32L0xx_HAL_Driver/Src/stm32l0xx_hal_adc_ex.c ****   * @param  SingleDiff This parameter can be only:
 189:Drivers/STM32L0xx_HAL_Driver/Src/stm32l0xx_hal_adc_ex.c ****   *           @arg ADC_SINGLE_ENDED: Channel in mode input single ended.
 190:Drivers/STM32L0xx_HAL_Driver/Src/stm32l0xx_hal_adc_ex.c ****   * @retval Calibration value.
 191:Drivers/STM32L0xx_HAL_Driver/Src/stm32l0xx_hal_adc_ex.c ****   */
 192:Drivers/STM32L0xx_HAL_Driver/Src/stm32l0xx_hal_adc_ex.c **** uint32_t HAL_ADCEx_Calibration_GetValue(ADC_HandleTypeDef* hadc, uint32_t SingleDiff)
 193:Drivers/STM32L0xx_HAL_Driver/Src/stm32l0xx_hal_adc_ex.c **** {
 219              		.loc 1 193 1 is_stmt 1 view -0
 220              		.cfi_startproc
 221              		@ args = 0, pretend = 0, frame = 0
 222              		@ frame_needed = 0, uses_anonymous_args = 0
 223              		@ link register save eliminated.
 194:Drivers/STM32L0xx_HAL_Driver/Src/stm32l0xx_hal_adc_ex.c ****   /* Check the parameters */
 195:Drivers/STM32L0xx_HAL_Driver/Src/stm32l0xx_hal_adc_ex.c ****   assert_param(IS_ADC_ALL_INSTANCE(hadc->Instance));
 224              		.loc 1 195 3 view .LVU59
 196:Drivers/STM32L0xx_HAL_Driver/Src/stm32l0xx_hal_adc_ex.c ****   assert_param(IS_ADC_SINGLE_DIFFERENTIAL(SingleDiff)); 
 225              		.loc 1 196 3 view .LVU60
 197:Drivers/STM32L0xx_HAL_Driver/Src/stm32l0xx_hal_adc_ex.c ****   
 198:Drivers/STM32L0xx_HAL_Driver/Src/stm32l0xx_hal_adc_ex.c ****   /* Return the ADC calibration value */ 
 199:Drivers/STM32L0xx_HAL_Driver/Src/stm32l0xx_hal_adc_ex.c ****   return ((hadc->Instance->CALFACT) & 0x0000007FU);
 226              		.loc 1 199 3 view .LVU61
ARM GAS  /var/folders/b6/_lrwbzzx5qg46wbggw31g5280000gn/T//cc4JSGGC.s 			page 9


 227              		.loc 1 199 16 is_stmt 0 view .LVU62
 228 0000 0268     		ldr	r2, [r0]
 229              		.loc 1 199 26 view .LVU63
 230 0002 B423     		movs	r3, #180
 231 0004 D358     		ldr	r3, [r2, r3]
 232              		.loc 1 199 37 view .LVU64
 233 0006 7F20     		movs	r0, #127
 234              	.LVL17:
 235              		.loc 1 199 37 view .LVU65
 236 0008 1840     		ands	r0, r3
 200:Drivers/STM32L0xx_HAL_Driver/Src/stm32l0xx_hal_adc_ex.c **** }
 237              		.loc 1 200 1 view .LVU66
 238              		@ sp needed
 239 000a 7047     		bx	lr
 240              		.cfi_endproc
 241              	.LFE41:
 243              		.section	.text.HAL_ADCEx_Calibration_SetValue,"ax",%progbits
 244              		.align	1
 245              		.global	HAL_ADCEx_Calibration_SetValue
 246              		.syntax unified
 247              		.code	16
 248              		.thumb_func
 249              		.fpu softvfp
 251              	HAL_ADCEx_Calibration_SetValue:
 252              	.LVL18:
 253              	.LFB42:
 201:Drivers/STM32L0xx_HAL_Driver/Src/stm32l0xx_hal_adc_ex.c **** 
 202:Drivers/STM32L0xx_HAL_Driver/Src/stm32l0xx_hal_adc_ex.c **** /**
 203:Drivers/STM32L0xx_HAL_Driver/Src/stm32l0xx_hal_adc_ex.c ****   * @brief  Set the calibration factor to overwrite automatic conversion result.
 204:Drivers/STM32L0xx_HAL_Driver/Src/stm32l0xx_hal_adc_ex.c ****   *         ADC must be enabled and no conversion is ongoing.
 205:Drivers/STM32L0xx_HAL_Driver/Src/stm32l0xx_hal_adc_ex.c ****   * @param  hadc ADC handle
 206:Drivers/STM32L0xx_HAL_Driver/Src/stm32l0xx_hal_adc_ex.c ****   * @param  SingleDiff This parameter can be only:
 207:Drivers/STM32L0xx_HAL_Driver/Src/stm32l0xx_hal_adc_ex.c ****   *           @arg ADC_SINGLE_ENDED: Channel in mode input single ended.
 208:Drivers/STM32L0xx_HAL_Driver/Src/stm32l0xx_hal_adc_ex.c ****   * @param  CalibrationFactor Calibration factor (coded on 7 bits maximum)
 209:Drivers/STM32L0xx_HAL_Driver/Src/stm32l0xx_hal_adc_ex.c ****   * @retval HAL state
 210:Drivers/STM32L0xx_HAL_Driver/Src/stm32l0xx_hal_adc_ex.c ****   */
 211:Drivers/STM32L0xx_HAL_Driver/Src/stm32l0xx_hal_adc_ex.c **** HAL_StatusTypeDef HAL_ADCEx_Calibration_SetValue(ADC_HandleTypeDef* hadc, uint32_t SingleDiff, uint
 212:Drivers/STM32L0xx_HAL_Driver/Src/stm32l0xx_hal_adc_ex.c **** {
 254              		.loc 1 212 1 is_stmt 1 view -0
 255              		.cfi_startproc
 256              		@ args = 0, pretend = 0, frame = 0
 257              		@ frame_needed = 0, uses_anonymous_args = 0
 258              		.loc 1 212 1 is_stmt 0 view .LVU68
 259 0000 30B5     		push	{r4, r5, lr}
 260              	.LCFI1:
 261              		.cfi_def_cfa_offset 12
 262              		.cfi_offset 4, -12
 263              		.cfi_offset 5, -8
 264              		.cfi_offset 14, -4
 265 0002 0300     		movs	r3, r0
 213:Drivers/STM32L0xx_HAL_Driver/Src/stm32l0xx_hal_adc_ex.c ****   HAL_StatusTypeDef tmp_hal_status = HAL_OK;
 266              		.loc 1 213 3 is_stmt 1 view .LVU69
 267              	.LVL19:
 214:Drivers/STM32L0xx_HAL_Driver/Src/stm32l0xx_hal_adc_ex.c ****   
 215:Drivers/STM32L0xx_HAL_Driver/Src/stm32l0xx_hal_adc_ex.c ****   /* Check the parameters */
 216:Drivers/STM32L0xx_HAL_Driver/Src/stm32l0xx_hal_adc_ex.c ****   assert_param(IS_ADC_ALL_INSTANCE(hadc->Instance));
 268              		.loc 1 216 3 view .LVU70
ARM GAS  /var/folders/b6/_lrwbzzx5qg46wbggw31g5280000gn/T//cc4JSGGC.s 			page 10


 217:Drivers/STM32L0xx_HAL_Driver/Src/stm32l0xx_hal_adc_ex.c ****   assert_param(IS_ADC_SINGLE_DIFFERENTIAL(SingleDiff)); 
 269              		.loc 1 217 3 view .LVU71
 218:Drivers/STM32L0xx_HAL_Driver/Src/stm32l0xx_hal_adc_ex.c ****   assert_param(IS_ADC_CALFACT(CalibrationFactor)); 
 270              		.loc 1 218 3 view .LVU72
 219:Drivers/STM32L0xx_HAL_Driver/Src/stm32l0xx_hal_adc_ex.c ****   
 220:Drivers/STM32L0xx_HAL_Driver/Src/stm32l0xx_hal_adc_ex.c ****   /* Process locked */
 221:Drivers/STM32L0xx_HAL_Driver/Src/stm32l0xx_hal_adc_ex.c ****   __HAL_LOCK(hadc);
 271              		.loc 1 221 3 view .LVU73
 272              		.loc 1 221 3 view .LVU74
 273 0004 5021     		movs	r1, #80
 274              	.LVL20:
 275              		.loc 1 221 3 is_stmt 0 view .LVU75
 276 0006 415C     		ldrb	r1, [r0, r1]
 277 0008 0129     		cmp	r1, #1
 278 000a 26D0     		beq	.L16
 279              		.loc 1 221 3 is_stmt 1 discriminator 2 view .LVU76
 280 000c 5021     		movs	r1, #80
 281 000e 0120     		movs	r0, #1
 282              	.LVL21:
 283              		.loc 1 221 3 is_stmt 0 discriminator 2 view .LVU77
 284 0010 5854     		strb	r0, [r3, r1]
 285              		.loc 1 221 3 is_stmt 1 discriminator 2 view .LVU78
 222:Drivers/STM32L0xx_HAL_Driver/Src/stm32l0xx_hal_adc_ex.c ****   
 223:Drivers/STM32L0xx_HAL_Driver/Src/stm32l0xx_hal_adc_ex.c ****   /* Verification of hardware constraints before modifying the calibration    */
 224:Drivers/STM32L0xx_HAL_Driver/Src/stm32l0xx_hal_adc_ex.c ****   /* factors register: ADC must be enabled, no conversion on going.           */
 225:Drivers/STM32L0xx_HAL_Driver/Src/stm32l0xx_hal_adc_ex.c ****   if ( (ADC_IS_ENABLE(hadc) != RESET)                            &&
 286              		.loc 1 225 3 discriminator 2 view .LVU79
 287              		.loc 1 225 9 is_stmt 0 discriminator 2 view .LVU80
 288 0012 1868     		ldr	r0, [r3]
 289 0014 8468     		ldr	r4, [r0, #8]
 290 0016 4D39     		subs	r1, r1, #77
 291 0018 2140     		ands	r1, r4
 292 001a 0129     		cmp	r1, #1
 293 001c 0CD0     		beq	.L17
 294              	.L14:
 226:Drivers/STM32L0xx_HAL_Driver/Src/stm32l0xx_hal_adc_ex.c ****        (ADC_IS_CONVERSION_ONGOING_REGULAR(hadc) == RESET)  )
 227:Drivers/STM32L0xx_HAL_Driver/Src/stm32l0xx_hal_adc_ex.c ****   {
 228:Drivers/STM32L0xx_HAL_Driver/Src/stm32l0xx_hal_adc_ex.c ****     /* Set the selected ADC calibration value */ 
 229:Drivers/STM32L0xx_HAL_Driver/Src/stm32l0xx_hal_adc_ex.c ****     hadc->Instance->CALFACT &= ~ADC_CALFACT_CALFACT;
 230:Drivers/STM32L0xx_HAL_Driver/Src/stm32l0xx_hal_adc_ex.c ****     hadc->Instance->CALFACT |= CalibrationFactor;
 231:Drivers/STM32L0xx_HAL_Driver/Src/stm32l0xx_hal_adc_ex.c ****   }
 232:Drivers/STM32L0xx_HAL_Driver/Src/stm32l0xx_hal_adc_ex.c ****   else
 233:Drivers/STM32L0xx_HAL_Driver/Src/stm32l0xx_hal_adc_ex.c ****   {
 234:Drivers/STM32L0xx_HAL_Driver/Src/stm32l0xx_hal_adc_ex.c ****     /* Update ADC state machine to error */
 235:Drivers/STM32L0xx_HAL_Driver/Src/stm32l0xx_hal_adc_ex.c ****     SET_BIT(hadc->State, HAL_ADC_STATE_ERROR_INTERNAL);
 295              		.loc 1 235 5 is_stmt 1 view .LVU81
 296 001e 5A6D     		ldr	r2, [r3, #84]
 297              	.LVL22:
 298              		.loc 1 235 5 is_stmt 0 view .LVU82
 299 0020 1021     		movs	r1, #16
 300 0022 0A43     		orrs	r2, r1
 301 0024 5A65     		str	r2, [r3, #84]
 236:Drivers/STM32L0xx_HAL_Driver/Src/stm32l0xx_hal_adc_ex.c ****     /* Update ADC state machine to error */
 237:Drivers/STM32L0xx_HAL_Driver/Src/stm32l0xx_hal_adc_ex.c ****     SET_BIT(hadc->ErrorCode, HAL_ADC_ERROR_INTERNAL);
 302              		.loc 1 237 5 is_stmt 1 view .LVU83
 303 0026 9A6D     		ldr	r2, [r3, #88]
 304 0028 0F39     		subs	r1, r1, #15
ARM GAS  /var/folders/b6/_lrwbzzx5qg46wbggw31g5280000gn/T//cc4JSGGC.s 			page 11


 305 002a 0A43     		orrs	r2, r1
 306 002c 9A65     		str	r2, [r3, #88]
 238:Drivers/STM32L0xx_HAL_Driver/Src/stm32l0xx_hal_adc_ex.c ****     
 239:Drivers/STM32L0xx_HAL_Driver/Src/stm32l0xx_hal_adc_ex.c ****     /* Update ADC state machine to error */
 240:Drivers/STM32L0xx_HAL_Driver/Src/stm32l0xx_hal_adc_ex.c ****     tmp_hal_status = HAL_ERROR;
 307              		.loc 1 240 5 view .LVU84
 308              	.LVL23:
 309              		.loc 1 240 20 is_stmt 0 view .LVU85
 310 002e 0120     		movs	r0, #1
 311              	.LVL24:
 312              	.L15:
 241:Drivers/STM32L0xx_HAL_Driver/Src/stm32l0xx_hal_adc_ex.c ****   }
 242:Drivers/STM32L0xx_HAL_Driver/Src/stm32l0xx_hal_adc_ex.c ****   
 243:Drivers/STM32L0xx_HAL_Driver/Src/stm32l0xx_hal_adc_ex.c ****   /* Process unlocked */
 244:Drivers/STM32L0xx_HAL_Driver/Src/stm32l0xx_hal_adc_ex.c ****   __HAL_UNLOCK(hadc);
 313              		.loc 1 244 3 is_stmt 1 view .LVU86
 314              		.loc 1 244 3 view .LVU87
 315 0030 5022     		movs	r2, #80
 316 0032 0021     		movs	r1, #0
 317 0034 9954     		strb	r1, [r3, r2]
 318              		.loc 1 244 3 view .LVU88
 245:Drivers/STM32L0xx_HAL_Driver/Src/stm32l0xx_hal_adc_ex.c ****   
 246:Drivers/STM32L0xx_HAL_Driver/Src/stm32l0xx_hal_adc_ex.c ****   /* Return function status */
 247:Drivers/STM32L0xx_HAL_Driver/Src/stm32l0xx_hal_adc_ex.c ****   return tmp_hal_status;
 319              		.loc 1 247 3 view .LVU89
 320              	.LVL25:
 321              	.L13:
 248:Drivers/STM32L0xx_HAL_Driver/Src/stm32l0xx_hal_adc_ex.c **** }
 322              		.loc 1 248 1 is_stmt 0 view .LVU90
 323              		@ sp needed
 324 0036 30BD     		pop	{r4, r5, pc}
 325              	.LVL26:
 326              	.L17:
 225:Drivers/STM32L0xx_HAL_Driver/Src/stm32l0xx_hal_adc_ex.c ****        (ADC_IS_CONVERSION_ONGOING_REGULAR(hadc) == RESET)  )
 327              		.loc 1 225 9 discriminator 1 view .LVU91
 328 0038 0168     		ldr	r1, [r0]
 329 003a C907     		lsls	r1, r1, #31
 330 003c EFD5     		bpl	.L14
 226:Drivers/STM32L0xx_HAL_Driver/Src/stm32l0xx_hal_adc_ex.c ****   {
 331              		.loc 1 226 9 view .LVU92
 332 003e 8168     		ldr	r1, [r0, #8]
 225:Drivers/STM32L0xx_HAL_Driver/Src/stm32l0xx_hal_adc_ex.c ****        (ADC_IS_CONVERSION_ONGOING_REGULAR(hadc) == RESET)  )
 333              		.loc 1 225 66 view .LVU93
 334 0040 4907     		lsls	r1, r1, #29
 335 0042 ECD4     		bmi	.L14
 229:Drivers/STM32L0xx_HAL_Driver/Src/stm32l0xx_hal_adc_ex.c ****     hadc->Instance->CALFACT |= CalibrationFactor;
 336              		.loc 1 229 5 is_stmt 1 view .LVU94
 229:Drivers/STM32L0xx_HAL_Driver/Src/stm32l0xx_hal_adc_ex.c ****     hadc->Instance->CALFACT |= CalibrationFactor;
 337              		.loc 1 229 29 is_stmt 0 view .LVU95
 338 0044 B421     		movs	r1, #180
 339 0046 4458     		ldr	r4, [r0, r1]
 340 0048 7F25     		movs	r5, #127
 341 004a AC43     		bics	r4, r5
 342 004c 4450     		str	r4, [r0, r1]
 230:Drivers/STM32L0xx_HAL_Driver/Src/stm32l0xx_hal_adc_ex.c ****   }
 343              		.loc 1 230 5 is_stmt 1 view .LVU96
 230:Drivers/STM32L0xx_HAL_Driver/Src/stm32l0xx_hal_adc_ex.c ****   }
ARM GAS  /var/folders/b6/_lrwbzzx5qg46wbggw31g5280000gn/T//cc4JSGGC.s 			page 12


 344              		.loc 1 230 9 is_stmt 0 view .LVU97
 345 004e 1C68     		ldr	r4, [r3]
 230:Drivers/STM32L0xx_HAL_Driver/Src/stm32l0xx_hal_adc_ex.c ****   }
 346              		.loc 1 230 29 view .LVU98
 347 0050 6058     		ldr	r0, [r4, r1]
 348 0052 0243     		orrs	r2, r0
 349              	.LVL27:
 230:Drivers/STM32L0xx_HAL_Driver/Src/stm32l0xx_hal_adc_ex.c ****   }
 350              		.loc 1 230 29 view .LVU99
 351 0054 6250     		str	r2, [r4, r1]
 213:Drivers/STM32L0xx_HAL_Driver/Src/stm32l0xx_hal_adc_ex.c ****   
 352              		.loc 1 213 21 view .LVU100
 353 0056 0020     		movs	r0, #0
 230:Drivers/STM32L0xx_HAL_Driver/Src/stm32l0xx_hal_adc_ex.c ****   }
 354              		.loc 1 230 29 view .LVU101
 355 0058 EAE7     		b	.L15
 356              	.LVL28:
 357              	.L16:
 221:Drivers/STM32L0xx_HAL_Driver/Src/stm32l0xx_hal_adc_ex.c ****   
 358              		.loc 1 221 3 view .LVU102
 359 005a 0220     		movs	r0, #2
 360              	.LVL29:
 221:Drivers/STM32L0xx_HAL_Driver/Src/stm32l0xx_hal_adc_ex.c ****   
 361              		.loc 1 221 3 view .LVU103
 362 005c EBE7     		b	.L13
 363              		.cfi_endproc
 364              	.LFE42:
 366              		.section	.text.HAL_ADCEx_EnableVREFINT,"ax",%progbits
 367              		.align	1
 368              		.global	HAL_ADCEx_EnableVREFINT
 369              		.syntax unified
 370              		.code	16
 371              		.thumb_func
 372              		.fpu softvfp
 374              	HAL_ADCEx_EnableVREFINT:
 375              	.LFB43:
 249:Drivers/STM32L0xx_HAL_Driver/Src/stm32l0xx_hal_adc_ex.c **** 
 250:Drivers/STM32L0xx_HAL_Driver/Src/stm32l0xx_hal_adc_ex.c **** /**
 251:Drivers/STM32L0xx_HAL_Driver/Src/stm32l0xx_hal_adc_ex.c ****   * @brief  Enables the buffer of Vrefint for the ADC, required when device is in mode low-power (l
 252:Drivers/STM32L0xx_HAL_Driver/Src/stm32l0xx_hal_adc_ex.c ****   *         This function must be called before function HAL_ADC_Init() 
 253:Drivers/STM32L0xx_HAL_Driver/Src/stm32l0xx_hal_adc_ex.c ****   *         (in case of previous ADC operations: function HAL_ADC_DeInit() must be called first)
 254:Drivers/STM32L0xx_HAL_Driver/Src/stm32l0xx_hal_adc_ex.c ****   *         For more details on procedure and buffer current consumption, refer to device reference
 255:Drivers/STM32L0xx_HAL_Driver/Src/stm32l0xx_hal_adc_ex.c ****   * @note   This is functional only if the LOCK is not set.
 256:Drivers/STM32L0xx_HAL_Driver/Src/stm32l0xx_hal_adc_ex.c ****   * @note   This API is obsolete. This configuration is done in HAL_ADC_ConfigChannel().
 257:Drivers/STM32L0xx_HAL_Driver/Src/stm32l0xx_hal_adc_ex.c ****   * @retval None
 258:Drivers/STM32L0xx_HAL_Driver/Src/stm32l0xx_hal_adc_ex.c ****   */
 259:Drivers/STM32L0xx_HAL_Driver/Src/stm32l0xx_hal_adc_ex.c **** HAL_StatusTypeDef HAL_ADCEx_EnableVREFINT(void)
 260:Drivers/STM32L0xx_HAL_Driver/Src/stm32l0xx_hal_adc_ex.c **** {
 376              		.loc 1 260 1 is_stmt 1 view -0
 377              		.cfi_startproc
 378              		@ args = 0, pretend = 0, frame = 0
 379              		@ frame_needed = 0, uses_anonymous_args = 0
 380 0000 10B5     		push	{r4, lr}
 381              	.LCFI2:
 382              		.cfi_def_cfa_offset 8
 383              		.cfi_offset 4, -8
 384              		.cfi_offset 14, -4
ARM GAS  /var/folders/b6/_lrwbzzx5qg46wbggw31g5280000gn/T//cc4JSGGC.s 			page 13


 261:Drivers/STM32L0xx_HAL_Driver/Src/stm32l0xx_hal_adc_ex.c ****   uint32_t tickstart = 0U;
 385              		.loc 1 261 3 view .LVU105
 386              	.LVL30:
 262:Drivers/STM32L0xx_HAL_Driver/Src/stm32l0xx_hal_adc_ex.c ****   
 263:Drivers/STM32L0xx_HAL_Driver/Src/stm32l0xx_hal_adc_ex.c ****   /* Enable the Buffer for the ADC by setting ENBUF_SENSOR_ADC bit in the CFGR3 register */
 264:Drivers/STM32L0xx_HAL_Driver/Src/stm32l0xx_hal_adc_ex.c ****   SET_BIT(SYSCFG->CFGR3, SYSCFG_CFGR3_ENBUF_VREFINT_ADC);
 387              		.loc 1 264 3 view .LVU106
 388 0002 0D4A     		ldr	r2, .L24
 389 0004 116A     		ldr	r1, [r2, #32]
 390 0006 8023     		movs	r3, #128
 391 0008 5B00     		lsls	r3, r3, #1
 392 000a 0B43     		orrs	r3, r1
 393 000c 1362     		str	r3, [r2, #32]
 265:Drivers/STM32L0xx_HAL_Driver/Src/stm32l0xx_hal_adc_ex.c ****   
 266:Drivers/STM32L0xx_HAL_Driver/Src/stm32l0xx_hal_adc_ex.c ****   /* Wait for Vrefint buffer effectively enabled */
 267:Drivers/STM32L0xx_HAL_Driver/Src/stm32l0xx_hal_adc_ex.c ****   /* Get tick count */
 268:Drivers/STM32L0xx_HAL_Driver/Src/stm32l0xx_hal_adc_ex.c ****   tickstart = HAL_GetTick();
 394              		.loc 1 268 3 view .LVU107
 395              		.loc 1 268 15 is_stmt 0 view .LVU108
 396 000e FFF7FEFF 		bl	HAL_GetTick
 397              	.LVL31:
 398 0012 0400     		movs	r4, r0
 399              	.LVL32:
 269:Drivers/STM32L0xx_HAL_Driver/Src/stm32l0xx_hal_adc_ex.c ****   
 270:Drivers/STM32L0xx_HAL_Driver/Src/stm32l0xx_hal_adc_ex.c ****   while(HAL_IS_BIT_CLR(SYSCFG->CFGR3, SYSCFG_CFGR3_VREFINT_RDYF))
 400              		.loc 1 270 3 is_stmt 1 view .LVU109
 401              	.L19:
 402              		.loc 1 270 8 view .LVU110
 403              		.loc 1 270 9 is_stmt 0 view .LVU111
 404 0014 084B     		ldr	r3, .L24
 405 0016 1B6A     		ldr	r3, [r3, #32]
 406              		.loc 1 270 8 view .LVU112
 407 0018 5B00     		lsls	r3, r3, #1
 408 001a 0AD4     		bmi	.L23
 271:Drivers/STM32L0xx_HAL_Driver/Src/stm32l0xx_hal_adc_ex.c ****   {
 272:Drivers/STM32L0xx_HAL_Driver/Src/stm32l0xx_hal_adc_ex.c ****     if((HAL_GetTick() - tickstart) > SYSCFG_BUF_VREFINT_ENABLE_TIMEOUT)
 409              		.loc 1 272 5 is_stmt 1 view .LVU113
 410              		.loc 1 272 9 is_stmt 0 view .LVU114
 411 001c FFF7FEFF 		bl	HAL_GetTick
 412              	.LVL33:
 413              		.loc 1 272 23 view .LVU115
 414 0020 001B     		subs	r0, r0, r4
 415              		.loc 1 272 7 view .LVU116
 416 0022 0328     		cmp	r0, #3
 417 0024 F6D9     		bls	.L19
 273:Drivers/STM32L0xx_HAL_Driver/Src/stm32l0xx_hal_adc_ex.c ****     {
 274:Drivers/STM32L0xx_HAL_Driver/Src/stm32l0xx_hal_adc_ex.c ****       /* New check to avoid false timeout detection in case of preemption */
 275:Drivers/STM32L0xx_HAL_Driver/Src/stm32l0xx_hal_adc_ex.c ****       if(HAL_IS_BIT_CLR(SYSCFG->CFGR3, SYSCFG_CFGR3_VREFINT_RDYF))
 418              		.loc 1 275 7 is_stmt 1 view .LVU117
 419              		.loc 1 275 10 is_stmt 0 view .LVU118
 420 0026 044B     		ldr	r3, .L24
 421 0028 1B6A     		ldr	r3, [r3, #32]
 422              		.loc 1 275 9 view .LVU119
 423 002a 5B00     		lsls	r3, r3, #1
 424 002c F2D4     		bmi	.L19
 276:Drivers/STM32L0xx_HAL_Driver/Src/stm32l0xx_hal_adc_ex.c ****       {
 277:Drivers/STM32L0xx_HAL_Driver/Src/stm32l0xx_hal_adc_ex.c ****         return HAL_ERROR;
ARM GAS  /var/folders/b6/_lrwbzzx5qg46wbggw31g5280000gn/T//cc4JSGGC.s 			page 14


 425              		.loc 1 277 16 view .LVU120
 426 002e 0120     		movs	r0, #1
 427 0030 00E0     		b	.L20
 428              	.L23:
 278:Drivers/STM32L0xx_HAL_Driver/Src/stm32l0xx_hal_adc_ex.c ****       }
 279:Drivers/STM32L0xx_HAL_Driver/Src/stm32l0xx_hal_adc_ex.c ****     }
 280:Drivers/STM32L0xx_HAL_Driver/Src/stm32l0xx_hal_adc_ex.c ****   }
 281:Drivers/STM32L0xx_HAL_Driver/Src/stm32l0xx_hal_adc_ex.c ****   
 282:Drivers/STM32L0xx_HAL_Driver/Src/stm32l0xx_hal_adc_ex.c ****   return HAL_OK;
 429              		.loc 1 282 10 view .LVU121
 430 0032 0020     		movs	r0, #0
 431              	.L20:
 283:Drivers/STM32L0xx_HAL_Driver/Src/stm32l0xx_hal_adc_ex.c **** }
 432              		.loc 1 283 1 view .LVU122
 433              		@ sp needed
 434              	.LVL34:
 435              		.loc 1 283 1 view .LVU123
 436 0034 10BD     		pop	{r4, pc}
 437              	.L25:
 438 0036 C046     		.align	2
 439              	.L24:
 440 0038 00000140 		.word	1073807360
 441              		.cfi_endproc
 442              	.LFE43:
 444              		.section	.text.HAL_ADCEx_DisableVREFINT,"ax",%progbits
 445              		.align	1
 446              		.global	HAL_ADCEx_DisableVREFINT
 447              		.syntax unified
 448              		.code	16
 449              		.thumb_func
 450              		.fpu softvfp
 452              	HAL_ADCEx_DisableVREFINT:
 453              	.LFB44:
 284:Drivers/STM32L0xx_HAL_Driver/Src/stm32l0xx_hal_adc_ex.c **** 
 285:Drivers/STM32L0xx_HAL_Driver/Src/stm32l0xx_hal_adc_ex.c **** /**
 286:Drivers/STM32L0xx_HAL_Driver/Src/stm32l0xx_hal_adc_ex.c ****   * @brief Disables the Buffer Vrefint for the ADC.
 287:Drivers/STM32L0xx_HAL_Driver/Src/stm32l0xx_hal_adc_ex.c ****   * @note This is functional only if the LOCK is not set.
 288:Drivers/STM32L0xx_HAL_Driver/Src/stm32l0xx_hal_adc_ex.c ****   * @note This API is obsolete. This configuration is done in HAL_ADC_ConfigChannel().
 289:Drivers/STM32L0xx_HAL_Driver/Src/stm32l0xx_hal_adc_ex.c ****   * @retval None
 290:Drivers/STM32L0xx_HAL_Driver/Src/stm32l0xx_hal_adc_ex.c ****   */
 291:Drivers/STM32L0xx_HAL_Driver/Src/stm32l0xx_hal_adc_ex.c **** void HAL_ADCEx_DisableVREFINT(void)
 292:Drivers/STM32L0xx_HAL_Driver/Src/stm32l0xx_hal_adc_ex.c **** {
 454              		.loc 1 292 1 is_stmt 1 view -0
 455              		.cfi_startproc
 456              		@ args = 0, pretend = 0, frame = 0
 457              		@ frame_needed = 0, uses_anonymous_args = 0
 458              		@ link register save eliminated.
 293:Drivers/STM32L0xx_HAL_Driver/Src/stm32l0xx_hal_adc_ex.c ****   /* Disable the Vrefint by resetting ENBUF_SENSOR_ADC bit in the CFGR3 register */
 294:Drivers/STM32L0xx_HAL_Driver/Src/stm32l0xx_hal_adc_ex.c ****   CLEAR_BIT(SYSCFG->CFGR3, SYSCFG_CFGR3_ENBUF_VREFINT_ADC);
 459              		.loc 1 294 3 view .LVU125
 460 0000 024A     		ldr	r2, .L27
 461 0002 136A     		ldr	r3, [r2, #32]
 462 0004 0249     		ldr	r1, .L27+4
 463 0006 0B40     		ands	r3, r1
 464 0008 1362     		str	r3, [r2, #32]
 295:Drivers/STM32L0xx_HAL_Driver/Src/stm32l0xx_hal_adc_ex.c **** }
 465              		.loc 1 295 1 is_stmt 0 view .LVU126
ARM GAS  /var/folders/b6/_lrwbzzx5qg46wbggw31g5280000gn/T//cc4JSGGC.s 			page 15


 466              		@ sp needed
 467 000a 7047     		bx	lr
 468              	.L28:
 469              		.align	2
 470              	.L27:
 471 000c 00000140 		.word	1073807360
 472 0010 FFFEFFFF 		.word	-257
 473              		.cfi_endproc
 474              	.LFE44:
 476              		.section	.text.HAL_ADCEx_EnableVREFINTTempSensor,"ax",%progbits
 477              		.align	1
 478              		.global	HAL_ADCEx_EnableVREFINTTempSensor
 479              		.syntax unified
 480              		.code	16
 481              		.thumb_func
 482              		.fpu softvfp
 484              	HAL_ADCEx_EnableVREFINTTempSensor:
 485              	.LFB45:
 296:Drivers/STM32L0xx_HAL_Driver/Src/stm32l0xx_hal_adc_ex.c **** 
 297:Drivers/STM32L0xx_HAL_Driver/Src/stm32l0xx_hal_adc_ex.c **** /**
 298:Drivers/STM32L0xx_HAL_Driver/Src/stm32l0xx_hal_adc_ex.c ****   * @brief  Enables the buffer of temperature sensor for the ADC, required when device is in mode l
 299:Drivers/STM32L0xx_HAL_Driver/Src/stm32l0xx_hal_adc_ex.c ****   *         This function must be called before function HAL_ADC_Init()
 300:Drivers/STM32L0xx_HAL_Driver/Src/stm32l0xx_hal_adc_ex.c ****   *         (in case of previous ADC operations: function HAL_ADC_DeInit() must be called first)
 301:Drivers/STM32L0xx_HAL_Driver/Src/stm32l0xx_hal_adc_ex.c ****   *         For more details on procedure and buffer current consumption, refer to device reference
 302:Drivers/STM32L0xx_HAL_Driver/Src/stm32l0xx_hal_adc_ex.c ****   * @note   This is functional only if the LOCK is not set.
 303:Drivers/STM32L0xx_HAL_Driver/Src/stm32l0xx_hal_adc_ex.c ****   * @note   This API is obsolete. This configuration is done in HAL_ADC_ConfigChannel().
 304:Drivers/STM32L0xx_HAL_Driver/Src/stm32l0xx_hal_adc_ex.c ****   * @retval None
 305:Drivers/STM32L0xx_HAL_Driver/Src/stm32l0xx_hal_adc_ex.c ****   */
 306:Drivers/STM32L0xx_HAL_Driver/Src/stm32l0xx_hal_adc_ex.c **** HAL_StatusTypeDef HAL_ADCEx_EnableVREFINTTempSensor(void)
 307:Drivers/STM32L0xx_HAL_Driver/Src/stm32l0xx_hal_adc_ex.c **** {
 486              		.loc 1 307 1 is_stmt 1 view -0
 487              		.cfi_startproc
 488              		@ args = 0, pretend = 0, frame = 0
 489              		@ frame_needed = 0, uses_anonymous_args = 0
 490 0000 10B5     		push	{r4, lr}
 491              	.LCFI3:
 492              		.cfi_def_cfa_offset 8
 493              		.cfi_offset 4, -8
 494              		.cfi_offset 14, -4
 308:Drivers/STM32L0xx_HAL_Driver/Src/stm32l0xx_hal_adc_ex.c ****   uint32_t tickstart = 0U;
 495              		.loc 1 308 3 view .LVU128
 496              	.LVL35:
 309:Drivers/STM32L0xx_HAL_Driver/Src/stm32l0xx_hal_adc_ex.c ****   
 310:Drivers/STM32L0xx_HAL_Driver/Src/stm32l0xx_hal_adc_ex.c ****   /* Enable the Buffer for the ADC by setting ENBUF_SENSOR_ADC bit in the CFGR3 register */
 311:Drivers/STM32L0xx_HAL_Driver/Src/stm32l0xx_hal_adc_ex.c ****   SET_BIT(SYSCFG->CFGR3, SYSCFG_CFGR3_ENBUF_SENSOR_ADC);
 497              		.loc 1 311 3 view .LVU129
 498 0002 0D4A     		ldr	r2, .L35
 499 0004 116A     		ldr	r1, [r2, #32]
 500 0006 8023     		movs	r3, #128
 501 0008 9B00     		lsls	r3, r3, #2
 502 000a 0B43     		orrs	r3, r1
 503 000c 1362     		str	r3, [r2, #32]
 312:Drivers/STM32L0xx_HAL_Driver/Src/stm32l0xx_hal_adc_ex.c ****   
 313:Drivers/STM32L0xx_HAL_Driver/Src/stm32l0xx_hal_adc_ex.c ****   /* Wait for Vrefint buffer effectively enabled */
 314:Drivers/STM32L0xx_HAL_Driver/Src/stm32l0xx_hal_adc_ex.c ****   /* Get tick count */
 315:Drivers/STM32L0xx_HAL_Driver/Src/stm32l0xx_hal_adc_ex.c ****   tickstart = HAL_GetTick();
 504              		.loc 1 315 3 view .LVU130
ARM GAS  /var/folders/b6/_lrwbzzx5qg46wbggw31g5280000gn/T//cc4JSGGC.s 			page 16


 505              		.loc 1 315 15 is_stmt 0 view .LVU131
 506 000e FFF7FEFF 		bl	HAL_GetTick
 507              	.LVL36:
 508 0012 0400     		movs	r4, r0
 509              	.LVL37:
 316:Drivers/STM32L0xx_HAL_Driver/Src/stm32l0xx_hal_adc_ex.c ****   
 317:Drivers/STM32L0xx_HAL_Driver/Src/stm32l0xx_hal_adc_ex.c ****   while(HAL_IS_BIT_CLR(SYSCFG->CFGR3, SYSCFG_CFGR3_VREFINT_RDYF))
 510              		.loc 1 317 3 is_stmt 1 view .LVU132
 511              	.L30:
 512              		.loc 1 317 8 view .LVU133
 513              		.loc 1 317 9 is_stmt 0 view .LVU134
 514 0014 084B     		ldr	r3, .L35
 515 0016 1B6A     		ldr	r3, [r3, #32]
 516              		.loc 1 317 8 view .LVU135
 517 0018 5B00     		lsls	r3, r3, #1
 518 001a 0AD4     		bmi	.L34
 318:Drivers/STM32L0xx_HAL_Driver/Src/stm32l0xx_hal_adc_ex.c ****   {
 319:Drivers/STM32L0xx_HAL_Driver/Src/stm32l0xx_hal_adc_ex.c ****     if((HAL_GetTick() - tickstart) > SYSCFG_BUF_TEMPSENSOR_ENABLE_TIMEOUT)
 519              		.loc 1 319 5 is_stmt 1 view .LVU136
 520              		.loc 1 319 9 is_stmt 0 view .LVU137
 521 001c FFF7FEFF 		bl	HAL_GetTick
 522              	.LVL38:
 523              		.loc 1 319 23 view .LVU138
 524 0020 001B     		subs	r0, r0, r4
 525              		.loc 1 319 7 view .LVU139
 526 0022 0128     		cmp	r0, #1
 527 0024 F6D9     		bls	.L30
 320:Drivers/STM32L0xx_HAL_Driver/Src/stm32l0xx_hal_adc_ex.c ****     {
 321:Drivers/STM32L0xx_HAL_Driver/Src/stm32l0xx_hal_adc_ex.c ****       /* New check to avoid false timeout detection in case of preemption */
 322:Drivers/STM32L0xx_HAL_Driver/Src/stm32l0xx_hal_adc_ex.c ****       if(HAL_IS_BIT_CLR(SYSCFG->CFGR3, SYSCFG_CFGR3_VREFINT_RDYF))
 528              		.loc 1 322 7 is_stmt 1 view .LVU140
 529              		.loc 1 322 10 is_stmt 0 view .LVU141
 530 0026 044B     		ldr	r3, .L35
 531 0028 1B6A     		ldr	r3, [r3, #32]
 532              		.loc 1 322 9 view .LVU142
 533 002a 5B00     		lsls	r3, r3, #1
 534 002c F2D4     		bmi	.L30
 323:Drivers/STM32L0xx_HAL_Driver/Src/stm32l0xx_hal_adc_ex.c ****       {
 324:Drivers/STM32L0xx_HAL_Driver/Src/stm32l0xx_hal_adc_ex.c ****         return HAL_ERROR;
 535              		.loc 1 324 16 view .LVU143
 536 002e 0120     		movs	r0, #1
 537 0030 00E0     		b	.L31
 538              	.L34:
 325:Drivers/STM32L0xx_HAL_Driver/Src/stm32l0xx_hal_adc_ex.c ****       }
 326:Drivers/STM32L0xx_HAL_Driver/Src/stm32l0xx_hal_adc_ex.c ****     }
 327:Drivers/STM32L0xx_HAL_Driver/Src/stm32l0xx_hal_adc_ex.c ****   }
 328:Drivers/STM32L0xx_HAL_Driver/Src/stm32l0xx_hal_adc_ex.c ****   
 329:Drivers/STM32L0xx_HAL_Driver/Src/stm32l0xx_hal_adc_ex.c ****   return HAL_OK;
 539              		.loc 1 329 10 view .LVU144
 540 0032 0020     		movs	r0, #0
 541              	.L31:
 330:Drivers/STM32L0xx_HAL_Driver/Src/stm32l0xx_hal_adc_ex.c **** }
 542              		.loc 1 330 1 view .LVU145
 543              		@ sp needed
 544              	.LVL39:
 545              		.loc 1 330 1 view .LVU146
 546 0034 10BD     		pop	{r4, pc}
ARM GAS  /var/folders/b6/_lrwbzzx5qg46wbggw31g5280000gn/T//cc4JSGGC.s 			page 17


 547              	.L36:
 548 0036 C046     		.align	2
 549              	.L35:
 550 0038 00000140 		.word	1073807360
 551              		.cfi_endproc
 552              	.LFE45:
 554              		.section	.text.HAL_ADCEx_DisableVREFINTTempSensor,"ax",%progbits
 555              		.align	1
 556              		.global	HAL_ADCEx_DisableVREFINTTempSensor
 557              		.syntax unified
 558              		.code	16
 559              		.thumb_func
 560              		.fpu softvfp
 562              	HAL_ADCEx_DisableVREFINTTempSensor:
 563              	.LFB46:
 331:Drivers/STM32L0xx_HAL_Driver/Src/stm32l0xx_hal_adc_ex.c **** 
 332:Drivers/STM32L0xx_HAL_Driver/Src/stm32l0xx_hal_adc_ex.c **** /**
 333:Drivers/STM32L0xx_HAL_Driver/Src/stm32l0xx_hal_adc_ex.c ****   * @brief Disables the VREFINT and Sensor for the ADC.
 334:Drivers/STM32L0xx_HAL_Driver/Src/stm32l0xx_hal_adc_ex.c ****   * @note This is functional only if the LOCK is not set.
 335:Drivers/STM32L0xx_HAL_Driver/Src/stm32l0xx_hal_adc_ex.c ****   * @note This API is obsolete. This configuration is done in HAL_ADC_ConfigChannel().
 336:Drivers/STM32L0xx_HAL_Driver/Src/stm32l0xx_hal_adc_ex.c ****   * @retval None
 337:Drivers/STM32L0xx_HAL_Driver/Src/stm32l0xx_hal_adc_ex.c ****   */
 338:Drivers/STM32L0xx_HAL_Driver/Src/stm32l0xx_hal_adc_ex.c **** void HAL_ADCEx_DisableVREFINTTempSensor(void)
 339:Drivers/STM32L0xx_HAL_Driver/Src/stm32l0xx_hal_adc_ex.c **** {
 564              		.loc 1 339 1 is_stmt 1 view -0
 565              		.cfi_startproc
 566              		@ args = 0, pretend = 0, frame = 0
 567              		@ frame_needed = 0, uses_anonymous_args = 0
 568              		@ link register save eliminated.
 340:Drivers/STM32L0xx_HAL_Driver/Src/stm32l0xx_hal_adc_ex.c ****   /* Disable the Vrefint by resetting ENBUF_SENSOR_ADC bit in the CFGR3 register */
 341:Drivers/STM32L0xx_HAL_Driver/Src/stm32l0xx_hal_adc_ex.c ****   CLEAR_BIT(SYSCFG->CFGR3, SYSCFG_CFGR3_ENBUF_SENSOR_ADC);
 569              		.loc 1 341 3 view .LVU148
 570 0000 024A     		ldr	r2, .L38
 571 0002 136A     		ldr	r3, [r2, #32]
 572 0004 0249     		ldr	r1, .L38+4
 573 0006 0B40     		ands	r3, r1
 574 0008 1362     		str	r3, [r2, #32]
 342:Drivers/STM32L0xx_HAL_Driver/Src/stm32l0xx_hal_adc_ex.c **** }
 575              		.loc 1 342 1 is_stmt 0 view .LVU149
 576              		@ sp needed
 577 000a 7047     		bx	lr
 578              	.L39:
 579              		.align	2
 580              	.L38:
 581 000c 00000140 		.word	1073807360
 582 0010 FFFDFFFF 		.word	-513
 583              		.cfi_endproc
 584              	.LFE46:
 586              		.text
 587              	.Letext0:
 588              		.file 2 "/Applications/ARM/arm-none-eabi/include/machine/_default_types.h"
 589              		.file 3 "/Applications/ARM/arm-none-eabi/include/sys/_stdint.h"
 590              		.file 4 "Drivers/CMSIS/Device/ST/STM32L0xx/Include/system_stm32l0xx.h"
 591              		.file 5 "Drivers/CMSIS/Device/ST/STM32L0xx/Include/stm32l041xx.h"
 592              		.file 6 "Drivers/CMSIS/Device/ST/STM32L0xx/Include/stm32l0xx.h"
 593              		.file 7 "Drivers/STM32L0xx_HAL_Driver/Inc/stm32l0xx_hal_def.h"
 594              		.file 8 "Drivers/STM32L0xx_HAL_Driver/Inc/stm32l0xx_hal_dma.h"
ARM GAS  /var/folders/b6/_lrwbzzx5qg46wbggw31g5280000gn/T//cc4JSGGC.s 			page 18


 595              		.file 9 "Drivers/STM32L0xx_HAL_Driver/Inc/stm32l0xx_hal_adc.h"
 596              		.file 10 "Drivers/STM32L0xx_HAL_Driver/Inc/stm32l0xx_hal.h"
ARM GAS  /var/folders/b6/_lrwbzzx5qg46wbggw31g5280000gn/T//cc4JSGGC.s 			page 19


DEFINED SYMBOLS
                            *ABS*:0000000000000000 stm32l0xx_hal_adc_ex.c
/var/folders/b6/_lrwbzzx5qg46wbggw31g5280000gn/T//cc4JSGGC.s:16     .text.HAL_ADCEx_Calibration_Start:0000000000000000 $t
/var/folders/b6/_lrwbzzx5qg46wbggw31g5280000gn/T//cc4JSGGC.s:24     .text.HAL_ADCEx_Calibration_Start:0000000000000000 HAL_ADCEx_Calibration_Start
/var/folders/b6/_lrwbzzx5qg46wbggw31g5280000gn/T//cc4JSGGC.s:204    .text.HAL_ADCEx_Calibration_Start:00000000000000ac $d
/var/folders/b6/_lrwbzzx5qg46wbggw31g5280000gn/T//cc4JSGGC.s:209    .text.HAL_ADCEx_Calibration_GetValue:0000000000000000 $t
/var/folders/b6/_lrwbzzx5qg46wbggw31g5280000gn/T//cc4JSGGC.s:216    .text.HAL_ADCEx_Calibration_GetValue:0000000000000000 HAL_ADCEx_Calibration_GetValue
/var/folders/b6/_lrwbzzx5qg46wbggw31g5280000gn/T//cc4JSGGC.s:244    .text.HAL_ADCEx_Calibration_SetValue:0000000000000000 $t
/var/folders/b6/_lrwbzzx5qg46wbggw31g5280000gn/T//cc4JSGGC.s:251    .text.HAL_ADCEx_Calibration_SetValue:0000000000000000 HAL_ADCEx_Calibration_SetValue
/var/folders/b6/_lrwbzzx5qg46wbggw31g5280000gn/T//cc4JSGGC.s:367    .text.HAL_ADCEx_EnableVREFINT:0000000000000000 $t
/var/folders/b6/_lrwbzzx5qg46wbggw31g5280000gn/T//cc4JSGGC.s:374    .text.HAL_ADCEx_EnableVREFINT:0000000000000000 HAL_ADCEx_EnableVREFINT
/var/folders/b6/_lrwbzzx5qg46wbggw31g5280000gn/T//cc4JSGGC.s:440    .text.HAL_ADCEx_EnableVREFINT:0000000000000038 $d
/var/folders/b6/_lrwbzzx5qg46wbggw31g5280000gn/T//cc4JSGGC.s:445    .text.HAL_ADCEx_DisableVREFINT:0000000000000000 $t
/var/folders/b6/_lrwbzzx5qg46wbggw31g5280000gn/T//cc4JSGGC.s:452    .text.HAL_ADCEx_DisableVREFINT:0000000000000000 HAL_ADCEx_DisableVREFINT
/var/folders/b6/_lrwbzzx5qg46wbggw31g5280000gn/T//cc4JSGGC.s:471    .text.HAL_ADCEx_DisableVREFINT:000000000000000c $d
/var/folders/b6/_lrwbzzx5qg46wbggw31g5280000gn/T//cc4JSGGC.s:477    .text.HAL_ADCEx_EnableVREFINTTempSensor:0000000000000000 $t
/var/folders/b6/_lrwbzzx5qg46wbggw31g5280000gn/T//cc4JSGGC.s:484    .text.HAL_ADCEx_EnableVREFINTTempSensor:0000000000000000 HAL_ADCEx_EnableVREFINTTempSensor
/var/folders/b6/_lrwbzzx5qg46wbggw31g5280000gn/T//cc4JSGGC.s:550    .text.HAL_ADCEx_EnableVREFINTTempSensor:0000000000000038 $d
/var/folders/b6/_lrwbzzx5qg46wbggw31g5280000gn/T//cc4JSGGC.s:555    .text.HAL_ADCEx_DisableVREFINTTempSensor:0000000000000000 $t
/var/folders/b6/_lrwbzzx5qg46wbggw31g5280000gn/T//cc4JSGGC.s:562    .text.HAL_ADCEx_DisableVREFINTTempSensor:0000000000000000 HAL_ADCEx_DisableVREFINTTempSensor
/var/folders/b6/_lrwbzzx5qg46wbggw31g5280000gn/T//cc4JSGGC.s:581    .text.HAL_ADCEx_DisableVREFINTTempSensor:000000000000000c $d

UNDEFINED SYMBOLS
HAL_GetTick
