ARM GAS  /var/folders/b6/_lrwbzzx5qg46wbggw31g5280000gn/T//cc63CLGQ.s 			page 1


   1              		.cpu cortex-m0plus
   2              		.eabi_attribute 20, 1
   3              		.eabi_attribute 21, 1
   4              		.eabi_attribute 23, 3
   5              		.eabi_attribute 24, 1
   6              		.eabi_attribute 25, 1
   7              		.eabi_attribute 26, 1
   8              		.eabi_attribute 30, 1
   9              		.eabi_attribute 34, 0
  10              		.eabi_attribute 18, 4
  11              		.file	"usart.c"
  12              		.text
  13              	.Ltext0:
  14              		.cfi_sections	.debug_frame
  15              		.section	.text.MX_USART2_UART_Init,"ax",%progbits
  16              		.align	1
  17              		.global	MX_USART2_UART_Init
  18              		.arch armv6s-m
  19              		.syntax unified
  20              		.code	16
  21              		.thumb_func
  22              		.fpu softvfp
  24              	MX_USART2_UART_Init:
  25              	.LFB40:
  26              		.file 1 "Core/Src/usart.c"
   1:Core/Src/usart.c **** /**
   2:Core/Src/usart.c ****   ******************************************************************************
   3:Core/Src/usart.c ****   * @file    usart.c
   4:Core/Src/usart.c ****   * @brief   This file provides code for the configuration
   5:Core/Src/usart.c ****   *          of the USART instances.
   6:Core/Src/usart.c ****   ******************************************************************************
   7:Core/Src/usart.c ****   * @attention
   8:Core/Src/usart.c ****   *
   9:Core/Src/usart.c ****   * <h2><center>&copy; Copyright (c) 2022 STMicroelectronics.
  10:Core/Src/usart.c ****   * All rights reserved.</center></h2>
  11:Core/Src/usart.c ****   *
  12:Core/Src/usart.c ****   * This software component is licensed by ST under BSD 3-Clause license,
  13:Core/Src/usart.c ****   * the "License"; You may not use this file except in compliance with the
  14:Core/Src/usart.c ****   * License. You may obtain a copy of the License at:
  15:Core/Src/usart.c ****   *                        opensource.org/licenses/BSD-3-Clause
  16:Core/Src/usart.c ****   *
  17:Core/Src/usart.c ****   ******************************************************************************
  18:Core/Src/usart.c ****   */
  19:Core/Src/usart.c **** 
  20:Core/Src/usart.c **** /* Includes ------------------------------------------------------------------*/
  21:Core/Src/usart.c **** #include "usart.h"
  22:Core/Src/usart.c **** 
  23:Core/Src/usart.c **** /* USER CODE BEGIN 0 */
  24:Core/Src/usart.c **** #include <string.h>
  25:Core/Src/usart.c **** /* USER CODE END 0 */
  26:Core/Src/usart.c **** 
  27:Core/Src/usart.c **** UART_HandleTypeDef huart2;
  28:Core/Src/usart.c **** 
  29:Core/Src/usart.c **** /* USART2 init function */
  30:Core/Src/usart.c **** 
  31:Core/Src/usart.c **** void MX_USART2_UART_Init(void)
  32:Core/Src/usart.c **** {
ARM GAS  /var/folders/b6/_lrwbzzx5qg46wbggw31g5280000gn/T//cc63CLGQ.s 			page 2


  27              		.loc 1 32 1 view -0
  28              		.cfi_startproc
  29              		@ args = 0, pretend = 0, frame = 0
  30              		@ frame_needed = 0, uses_anonymous_args = 0
  31 0000 10B5     		push	{r4, lr}
  32              	.LCFI0:
  33              		.cfi_def_cfa_offset 8
  34              		.cfi_offset 4, -8
  35              		.cfi_offset 14, -4
  33:Core/Src/usart.c **** 
  34:Core/Src/usart.c ****   huart2.Instance = USART2;
  36              		.loc 1 34 3 view .LVU1
  37              		.loc 1 34 19 is_stmt 0 view .LVU2
  38 0002 0C48     		ldr	r0, .L4
  39 0004 0C4B     		ldr	r3, .L4+4
  40 0006 0360     		str	r3, [r0]
  35:Core/Src/usart.c ****   huart2.Init.BaudRate = 115200;
  41              		.loc 1 35 3 is_stmt 1 view .LVU3
  42              		.loc 1 35 24 is_stmt 0 view .LVU4
  43 0008 E123     		movs	r3, #225
  44 000a 5B02     		lsls	r3, r3, #9
  45 000c 4360     		str	r3, [r0, #4]
  36:Core/Src/usart.c ****   huart2.Init.WordLength = UART_WORDLENGTH_8B;
  46              		.loc 1 36 3 is_stmt 1 view .LVU5
  47              		.loc 1 36 26 is_stmt 0 view .LVU6
  48 000e 0023     		movs	r3, #0
  49 0010 8360     		str	r3, [r0, #8]
  37:Core/Src/usart.c ****   huart2.Init.StopBits = UART_STOPBITS_1;
  50              		.loc 1 37 3 is_stmt 1 view .LVU7
  51              		.loc 1 37 24 is_stmt 0 view .LVU8
  52 0012 C360     		str	r3, [r0, #12]
  38:Core/Src/usart.c ****   huart2.Init.Parity = UART_PARITY_NONE;
  53              		.loc 1 38 3 is_stmt 1 view .LVU9
  54              		.loc 1 38 22 is_stmt 0 view .LVU10
  55 0014 0361     		str	r3, [r0, #16]
  39:Core/Src/usart.c ****   huart2.Init.Mode = UART_MODE_TX_RX;
  56              		.loc 1 39 3 is_stmt 1 view .LVU11
  57              		.loc 1 39 20 is_stmt 0 view .LVU12
  58 0016 0C22     		movs	r2, #12
  59 0018 4261     		str	r2, [r0, #20]
  40:Core/Src/usart.c ****   huart2.Init.HwFlowCtl = UART_HWCONTROL_NONE;
  60              		.loc 1 40 3 is_stmt 1 view .LVU13
  61              		.loc 1 40 25 is_stmt 0 view .LVU14
  62 001a 8361     		str	r3, [r0, #24]
  41:Core/Src/usart.c ****   huart2.Init.OverSampling = UART_OVERSAMPLING_16;
  63              		.loc 1 41 3 is_stmt 1 view .LVU15
  64              		.loc 1 41 28 is_stmt 0 view .LVU16
  65 001c C361     		str	r3, [r0, #28]
  42:Core/Src/usart.c ****   huart2.Init.OneBitSampling = UART_ONE_BIT_SAMPLE_DISABLE;
  66              		.loc 1 42 3 is_stmt 1 view .LVU17
  67              		.loc 1 42 30 is_stmt 0 view .LVU18
  68 001e 0362     		str	r3, [r0, #32]
  43:Core/Src/usart.c ****   huart2.AdvancedInit.AdvFeatureInit = UART_ADVFEATURE_NO_INIT;
  69              		.loc 1 43 3 is_stmt 1 view .LVU19
  70              		.loc 1 43 38 is_stmt 0 view .LVU20
  71 0020 4362     		str	r3, [r0, #36]
  44:Core/Src/usart.c ****   if (HAL_UART_Init(&huart2) != HAL_OK)
ARM GAS  /var/folders/b6/_lrwbzzx5qg46wbggw31g5280000gn/T//cc63CLGQ.s 			page 3


  72              		.loc 1 44 3 is_stmt 1 view .LVU21
  73              		.loc 1 44 7 is_stmt 0 view .LVU22
  74 0022 FFF7FEFF 		bl	HAL_UART_Init
  75              	.LVL0:
  76              		.loc 1 44 6 view .LVU23
  77 0026 0028     		cmp	r0, #0
  78 0028 00D1     		bne	.L3
  79              	.L1:
  45:Core/Src/usart.c ****   {
  46:Core/Src/usart.c ****     Error_Handler();
  47:Core/Src/usart.c ****   }
  48:Core/Src/usart.c **** 
  49:Core/Src/usart.c **** }
  80              		.loc 1 49 1 view .LVU24
  81              		@ sp needed
  82 002a 10BD     		pop	{r4, pc}
  83              	.L3:
  46:Core/Src/usart.c ****   }
  84              		.loc 1 46 5 is_stmt 1 view .LVU25
  85 002c FFF7FEFF 		bl	Error_Handler
  86              	.LVL1:
  87              		.loc 1 49 1 is_stmt 0 view .LVU26
  88 0030 FBE7     		b	.L1
  89              	.L5:
  90 0032 C046     		.align	2
  91              	.L4:
  92 0034 00000000 		.word	huart2
  93 0038 00440040 		.word	1073759232
  94              		.cfi_endproc
  95              	.LFE40:
  97              		.section	.text.HAL_UART_MspInit,"ax",%progbits
  98              		.align	1
  99              		.global	HAL_UART_MspInit
 100              		.syntax unified
 101              		.code	16
 102              		.thumb_func
 103              		.fpu softvfp
 105              	HAL_UART_MspInit:
 106              	.LVL2:
 107              	.LFB41:
  50:Core/Src/usart.c **** 
  51:Core/Src/usart.c **** void HAL_UART_MspInit(UART_HandleTypeDef* uartHandle)
  52:Core/Src/usart.c **** {
 108              		.loc 1 52 1 is_stmt 1 view -0
 109              		.cfi_startproc
 110              		@ args = 0, pretend = 0, frame = 24
 111              		@ frame_needed = 0, uses_anonymous_args = 0
 112              		.loc 1 52 1 is_stmt 0 view .LVU28
 113 0000 10B5     		push	{r4, lr}
 114              	.LCFI1:
 115              		.cfi_def_cfa_offset 8
 116              		.cfi_offset 4, -8
 117              		.cfi_offset 14, -4
 118 0002 86B0     		sub	sp, sp, #24
 119              	.LCFI2:
 120              		.cfi_def_cfa_offset 32
 121 0004 0400     		movs	r4, r0
ARM GAS  /var/folders/b6/_lrwbzzx5qg46wbggw31g5280000gn/T//cc63CLGQ.s 			page 4


  53:Core/Src/usart.c **** 
  54:Core/Src/usart.c ****   GPIO_InitTypeDef GPIO_InitStruct = {0};
 122              		.loc 1 54 3 is_stmt 1 view .LVU29
 123              		.loc 1 54 20 is_stmt 0 view .LVU30
 124 0006 1422     		movs	r2, #20
 125 0008 0021     		movs	r1, #0
 126 000a 01A8     		add	r0, sp, #4
 127              	.LVL3:
 128              		.loc 1 54 20 view .LVU31
 129 000c FFF7FEFF 		bl	memset
 130              	.LVL4:
  55:Core/Src/usart.c ****   if(uartHandle->Instance==USART2)
 131              		.loc 1 55 3 is_stmt 1 view .LVU32
 132              		.loc 1 55 16 is_stmt 0 view .LVU33
 133 0010 2268     		ldr	r2, [r4]
 134              		.loc 1 55 5 view .LVU34
 135 0012 114B     		ldr	r3, .L9
 136 0014 9A42     		cmp	r2, r3
 137 0016 01D0     		beq	.L8
 138              	.L6:
  56:Core/Src/usart.c ****   {
  57:Core/Src/usart.c ****   /* USER CODE BEGIN USART2_MspInit 0 */
  58:Core/Src/usart.c **** 
  59:Core/Src/usart.c ****   /* USER CODE END USART2_MspInit 0 */
  60:Core/Src/usart.c ****     /* USART2 clock enable */
  61:Core/Src/usart.c ****     __HAL_RCC_USART2_CLK_ENABLE();
  62:Core/Src/usart.c **** 
  63:Core/Src/usart.c ****     __HAL_RCC_GPIOA_CLK_ENABLE();
  64:Core/Src/usart.c ****     /**USART2 GPIO Configuration
  65:Core/Src/usart.c ****     PA2     ------> USART2_TX
  66:Core/Src/usart.c ****     PA3     ------> USART2_RX
  67:Core/Src/usart.c ****     */
  68:Core/Src/usart.c ****     GPIO_InitStruct.Pin = UART_TX_SPI_CS_LCD_Pin|UART_RX_SPI_DC_LCD_Pin;
  69:Core/Src/usart.c ****     GPIO_InitStruct.Mode = GPIO_MODE_AF_PP;
  70:Core/Src/usart.c ****     GPIO_InitStruct.Pull = GPIO_NOPULL;
  71:Core/Src/usart.c ****     GPIO_InitStruct.Speed = GPIO_SPEED_FREQ_VERY_HIGH;
  72:Core/Src/usart.c ****     GPIO_InitStruct.Alternate = GPIO_AF4_USART2;
  73:Core/Src/usart.c ****     HAL_GPIO_Init(GPIOA, &GPIO_InitStruct);
  74:Core/Src/usart.c **** 
  75:Core/Src/usart.c ****   /* USER CODE BEGIN USART2_MspInit 1 */
  76:Core/Src/usart.c **** 
  77:Core/Src/usart.c ****   /* USER CODE END USART2_MspInit 1 */
  78:Core/Src/usart.c ****   }
  79:Core/Src/usart.c **** }
 139              		.loc 1 79 1 view .LVU35
 140 0018 06B0     		add	sp, sp, #24
 141              		@ sp needed
 142              	.LVL5:
 143              		.loc 1 79 1 view .LVU36
 144 001a 10BD     		pop	{r4, pc}
 145              	.LVL6:
 146              	.L8:
  61:Core/Src/usart.c **** 
 147              		.loc 1 61 5 is_stmt 1 view .LVU37
 148 001c 0F4B     		ldr	r3, .L9+4
 149 001e 996B     		ldr	r1, [r3, #56]
 150 0020 8022     		movs	r2, #128
ARM GAS  /var/folders/b6/_lrwbzzx5qg46wbggw31g5280000gn/T//cc63CLGQ.s 			page 5


 151 0022 9202     		lsls	r2, r2, #10
 152 0024 0A43     		orrs	r2, r1
 153 0026 9A63     		str	r2, [r3, #56]
  63:Core/Src/usart.c ****     /**USART2 GPIO Configuration
 154              		.loc 1 63 5 view .LVU38
 155              	.LBB2:
  63:Core/Src/usart.c ****     /**USART2 GPIO Configuration
 156              		.loc 1 63 5 view .LVU39
  63:Core/Src/usart.c ****     /**USART2 GPIO Configuration
 157              		.loc 1 63 5 view .LVU40
 158 0028 D96A     		ldr	r1, [r3, #44]
 159 002a 0122     		movs	r2, #1
 160 002c 1143     		orrs	r1, r2
 161 002e D962     		str	r1, [r3, #44]
  63:Core/Src/usart.c ****     /**USART2 GPIO Configuration
 162              		.loc 1 63 5 view .LVU41
 163 0030 DB6A     		ldr	r3, [r3, #44]
 164 0032 1A40     		ands	r2, r3
 165 0034 0092     		str	r2, [sp]
  63:Core/Src/usart.c ****     /**USART2 GPIO Configuration
 166              		.loc 1 63 5 view .LVU42
 167 0036 009B     		ldr	r3, [sp]
 168              	.LBE2:
  63:Core/Src/usart.c ****     /**USART2 GPIO Configuration
 169              		.loc 1 63 5 view .LVU43
  68:Core/Src/usart.c ****     GPIO_InitStruct.Mode = GPIO_MODE_AF_PP;
 170              		.loc 1 68 5 view .LVU44
  68:Core/Src/usart.c ****     GPIO_InitStruct.Mode = GPIO_MODE_AF_PP;
 171              		.loc 1 68 25 is_stmt 0 view .LVU45
 172 0038 0C23     		movs	r3, #12
 173 003a 0193     		str	r3, [sp, #4]
  69:Core/Src/usart.c ****     GPIO_InitStruct.Pull = GPIO_NOPULL;
 174              		.loc 1 69 5 is_stmt 1 view .LVU46
  69:Core/Src/usart.c ****     GPIO_InitStruct.Pull = GPIO_NOPULL;
 175              		.loc 1 69 26 is_stmt 0 view .LVU47
 176 003c 0A3B     		subs	r3, r3, #10
 177 003e 0293     		str	r3, [sp, #8]
  70:Core/Src/usart.c ****     GPIO_InitStruct.Speed = GPIO_SPEED_FREQ_VERY_HIGH;
 178              		.loc 1 70 5 is_stmt 1 view .LVU48
  70:Core/Src/usart.c ****     GPIO_InitStruct.Speed = GPIO_SPEED_FREQ_VERY_HIGH;
 179              		.loc 1 70 26 is_stmt 0 view .LVU49
 180 0040 0023     		movs	r3, #0
 181 0042 0393     		str	r3, [sp, #12]
  71:Core/Src/usart.c ****     GPIO_InitStruct.Alternate = GPIO_AF4_USART2;
 182              		.loc 1 71 5 is_stmt 1 view .LVU50
  71:Core/Src/usart.c ****     GPIO_InitStruct.Alternate = GPIO_AF4_USART2;
 183              		.loc 1 71 27 is_stmt 0 view .LVU51
 184 0044 0333     		adds	r3, r3, #3
 185 0046 0493     		str	r3, [sp, #16]
  72:Core/Src/usart.c ****     HAL_GPIO_Init(GPIOA, &GPIO_InitStruct);
 186              		.loc 1 72 5 is_stmt 1 view .LVU52
  72:Core/Src/usart.c ****     HAL_GPIO_Init(GPIOA, &GPIO_InitStruct);
 187              		.loc 1 72 31 is_stmt 0 view .LVU53
 188 0048 0133     		adds	r3, r3, #1
 189 004a 0593     		str	r3, [sp, #20]
  73:Core/Src/usart.c **** 
 190              		.loc 1 73 5 is_stmt 1 view .LVU54
ARM GAS  /var/folders/b6/_lrwbzzx5qg46wbggw31g5280000gn/T//cc63CLGQ.s 			page 6


 191 004c A020     		movs	r0, #160
 192 004e 01A9     		add	r1, sp, #4
 193 0050 C005     		lsls	r0, r0, #23
 194 0052 FFF7FEFF 		bl	HAL_GPIO_Init
 195              	.LVL7:
 196              		.loc 1 79 1 is_stmt 0 view .LVU55
 197 0056 DFE7     		b	.L6
 198              	.L10:
 199              		.align	2
 200              	.L9:
 201 0058 00440040 		.word	1073759232
 202 005c 00100240 		.word	1073876992
 203              		.cfi_endproc
 204              	.LFE41:
 206              		.section	.text.HAL_UART_MspDeInit,"ax",%progbits
 207              		.align	1
 208              		.global	HAL_UART_MspDeInit
 209              		.syntax unified
 210              		.code	16
 211              		.thumb_func
 212              		.fpu softvfp
 214              	HAL_UART_MspDeInit:
 215              	.LVL8:
 216              	.LFB42:
  80:Core/Src/usart.c **** 
  81:Core/Src/usart.c **** void HAL_UART_MspDeInit(UART_HandleTypeDef* uartHandle)
  82:Core/Src/usart.c **** {
 217              		.loc 1 82 1 is_stmt 1 view -0
 218              		.cfi_startproc
 219              		@ args = 0, pretend = 0, frame = 0
 220              		@ frame_needed = 0, uses_anonymous_args = 0
 221              		.loc 1 82 1 is_stmt 0 view .LVU57
 222 0000 10B5     		push	{r4, lr}
 223              	.LCFI3:
 224              		.cfi_def_cfa_offset 8
 225              		.cfi_offset 4, -8
 226              		.cfi_offset 14, -4
  83:Core/Src/usart.c **** 
  84:Core/Src/usart.c ****   if(uartHandle->Instance==USART2)
 227              		.loc 1 84 3 is_stmt 1 view .LVU58
 228              		.loc 1 84 16 is_stmt 0 view .LVU59
 229 0002 0268     		ldr	r2, [r0]
 230              		.loc 1 84 5 view .LVU60
 231 0004 074B     		ldr	r3, .L14
 232 0006 9A42     		cmp	r2, r3
 233 0008 00D0     		beq	.L13
 234              	.LVL9:
 235              	.L11:
  85:Core/Src/usart.c ****   {
  86:Core/Src/usart.c ****   /* USER CODE BEGIN USART2_MspDeInit 0 */
  87:Core/Src/usart.c **** 
  88:Core/Src/usart.c ****   /* USER CODE END USART2_MspDeInit 0 */
  89:Core/Src/usart.c ****     /* Peripheral clock disable */
  90:Core/Src/usart.c ****     __HAL_RCC_USART2_CLK_DISABLE();
  91:Core/Src/usart.c **** 
  92:Core/Src/usart.c ****     /**USART2 GPIO Configuration
  93:Core/Src/usart.c ****     PA2     ------> USART2_TX
ARM GAS  /var/folders/b6/_lrwbzzx5qg46wbggw31g5280000gn/T//cc63CLGQ.s 			page 7


  94:Core/Src/usart.c ****     PA3     ------> USART2_RX
  95:Core/Src/usart.c ****     */
  96:Core/Src/usart.c ****     HAL_GPIO_DeInit(GPIOA, UART_TX_SPI_CS_LCD_Pin|UART_RX_SPI_DC_LCD_Pin);
  97:Core/Src/usart.c **** 
  98:Core/Src/usart.c ****   /* USER CODE BEGIN USART2_MspDeInit 1 */
  99:Core/Src/usart.c **** 
 100:Core/Src/usart.c ****   /* USER CODE END USART2_MspDeInit 1 */
 101:Core/Src/usart.c ****   }
 102:Core/Src/usart.c **** }
 236              		.loc 1 102 1 view .LVU61
 237              		@ sp needed
 238 000a 10BD     		pop	{r4, pc}
 239              	.LVL10:
 240              	.L13:
  90:Core/Src/usart.c **** 
 241              		.loc 1 90 5 is_stmt 1 view .LVU62
 242 000c 064A     		ldr	r2, .L14+4
 243 000e 936B     		ldr	r3, [r2, #56]
 244 0010 0649     		ldr	r1, .L14+8
 245 0012 0B40     		ands	r3, r1
 246 0014 9363     		str	r3, [r2, #56]
  96:Core/Src/usart.c **** 
 247              		.loc 1 96 5 view .LVU63
 248 0016 A020     		movs	r0, #160
 249              	.LVL11:
  96:Core/Src/usart.c **** 
 250              		.loc 1 96 5 is_stmt 0 view .LVU64
 251 0018 0C21     		movs	r1, #12
 252 001a C005     		lsls	r0, r0, #23
 253 001c FFF7FEFF 		bl	HAL_GPIO_DeInit
 254              	.LVL12:
 255              		.loc 1 102 1 view .LVU65
 256 0020 F3E7     		b	.L11
 257              	.L15:
 258 0022 C046     		.align	2
 259              	.L14:
 260 0024 00440040 		.word	1073759232
 261 0028 00100240 		.word	1073876992
 262 002c FFFFFDFF 		.word	-131073
 263              		.cfi_endproc
 264              	.LFE42:
 266              		.section	.text.UART_getInstance,"ax",%progbits
 267              		.align	1
 268              		.global	UART_getInstance
 269              		.syntax unified
 270              		.code	16
 271              		.thumb_func
 272              		.fpu softvfp
 274              	UART_getInstance:
 275              	.LVL13:
 276              	.LFB43:
 103:Core/Src/usart.c **** 
 104:Core/Src/usart.c **** /* USER CODE BEGIN 1 */
 105:Core/Src/usart.c **** UART_HandleTypeDef* UART_getInstance(uint16_t instance_num)
 106:Core/Src/usart.c **** {
 277              		.loc 1 106 1 is_stmt 1 view -0
 278              		.cfi_startproc
ARM GAS  /var/folders/b6/_lrwbzzx5qg46wbggw31g5280000gn/T//cc63CLGQ.s 			page 8


 279              		@ args = 0, pretend = 0, frame = 0
 280              		@ frame_needed = 0, uses_anonymous_args = 0
 281              		@ link register save eliminated.
 107:Core/Src/usart.c ****   switch (instance_num)
 282              		.loc 1 107 3 view .LVU67
 283 0000 0228     		cmp	r0, #2
 284 0002 01D1     		bne	.L18
 108:Core/Src/usart.c ****   {
 109:Core/Src/usart.c ****   case UART2:
 110:Core/Src/usart.c ****     return &huart2;
 285              		.loc 1 110 12 is_stmt 0 view .LVU68
 286 0004 0148     		ldr	r0, .L19
 287              	.LVL14:
 288              	.L16:
 111:Core/Src/usart.c ****     break;
 112:Core/Src/usart.c ****   
 113:Core/Src/usart.c ****   default:
 114:Core/Src/usart.c ****     return NULL;
 115:Core/Src/usart.c ****     break;
 116:Core/Src/usart.c ****   }
 117:Core/Src/usart.c **** }
 289              		.loc 1 117 1 view .LVU69
 290              		@ sp needed
 291 0006 7047     		bx	lr
 292              	.LVL15:
 293              	.L18:
 114:Core/Src/usart.c ****     break;
 294              		.loc 1 114 12 view .LVU70
 295 0008 0020     		movs	r0, #0
 296              	.LVL16:
 115:Core/Src/usart.c ****   }
 297              		.loc 1 115 5 is_stmt 1 view .LVU71
 298 000a FCE7     		b	.L16
 299              	.L20:
 300              		.align	2
 301              	.L19:
 302 000c 00000000 		.word	huart2
 303              		.cfi_endproc
 304              	.LFE43:
 306              		.section	.text.UART_print,"ax",%progbits
 307              		.align	1
 308              		.global	UART_print
 309              		.syntax unified
 310              		.code	16
 311              		.thumb_func
 312              		.fpu softvfp
 314              	UART_print:
 315              	.LVL17:
 316              	.LFB44:
 118:Core/Src/usart.c **** 
 119:Core/Src/usart.c **** void UART_print(char *out_buff) {
 317              		.loc 1 119 33 view -0
 318              		.cfi_startproc
 319              		@ args = 0, pretend = 0, frame = 0
 320              		@ frame_needed = 0, uses_anonymous_args = 0
 321              		.loc 1 119 33 is_stmt 0 view .LVU73
 322 0000 10B5     		push	{r4, lr}
ARM GAS  /var/folders/b6/_lrwbzzx5qg46wbggw31g5280000gn/T//cc63CLGQ.s 			page 9


 323              	.LCFI4:
 324              		.cfi_def_cfa_offset 8
 325              		.cfi_offset 4, -8
 326              		.cfi_offset 14, -4
 327 0002 0400     		movs	r4, r0
 120:Core/Src/usart.c ****     #ifndef USE_LCD
 121:Core/Src/usart.c ****     HAL_UART_Transmit(&huart2, (uint8_t *)out_buff, strlen(out_buff), 0xFFFF);
 328              		.loc 1 121 5 is_stmt 1 view .LVU74
 329              		.loc 1 121 53 is_stmt 0 view .LVU75
 330 0004 FFF7FEFF 		bl	strlen
 331              	.LVL18:
 332              		.loc 1 121 5 view .LVU76
 333 0008 82B2     		uxth	r2, r0
 334 000a 034B     		ldr	r3, .L22
 335 000c 2100     		movs	r1, r4
 336 000e 0348     		ldr	r0, .L22+4
 337 0010 FFF7FEFF 		bl	HAL_UART_Transmit
 338              	.LVL19:
 122:Core/Src/usart.c ****     #else
 123:Core/Src/usart.c ****     UNUSED(out_buff)
 124:Core/Src/usart.c ****     #endif
 125:Core/Src/usart.c **** }
 339              		.loc 1 125 1 view .LVU77
 340              		@ sp needed
 341              	.LVL20:
 342              		.loc 1 125 1 view .LVU78
 343 0014 10BD     		pop	{r4, pc}
 344              	.L23:
 345 0016 C046     		.align	2
 346              	.L22:
 347 0018 FFFF0000 		.word	65535
 348 001c 00000000 		.word	huart2
 349              		.cfi_endproc
 350              	.LFE44:
 352              		.comm	huart2,132,4
 353              		.text
 354              	.Letext0:
 355              		.file 2 "/Applications/ARM/arm-none-eabi/include/machine/_default_types.h"
 356              		.file 3 "/Applications/ARM/arm-none-eabi/include/sys/_stdint.h"
 357              		.file 4 "Drivers/CMSIS/Device/ST/STM32L0xx/Include/system_stm32l0xx.h"
 358              		.file 5 "Drivers/CMSIS/Device/ST/STM32L0xx/Include/stm32l041xx.h"
 359              		.file 6 "Drivers/STM32L0xx_HAL_Driver/Inc/stm32l0xx_hal_def.h"
 360              		.file 7 "Drivers/STM32L0xx_HAL_Driver/Inc/stm32l0xx_hal_gpio.h"
 361              		.file 8 "Drivers/STM32L0xx_HAL_Driver/Inc/stm32l0xx_hal_dma.h"
 362              		.file 9 "Drivers/STM32L0xx_HAL_Driver/Inc/stm32l0xx_hal_uart.h"
 363              		.file 10 "Drivers/STM32L0xx_HAL_Driver/Inc/stm32l0xx_hal.h"
 364              		.file 11 "Core/Inc/usart.h"
 365              		.file 12 "/Applications/ARM/lib/gcc/arm-none-eabi/9.3.1/include/stddef.h"
 366              		.file 13 "/Applications/ARM/arm-none-eabi/include/sys/_types.h"
 367              		.file 14 "/Applications/ARM/arm-none-eabi/include/sys/reent.h"
 368              		.file 15 "/Applications/ARM/arm-none-eabi/include/sys/lock.h"
 369              		.file 16 "/Applications/ARM/arm-none-eabi/include/string.h"
 370              		.file 17 "Core/Inc/main.h"
 371              		.file 18 "<built-in>"
ARM GAS  /var/folders/b6/_lrwbzzx5qg46wbggw31g5280000gn/T//cc63CLGQ.s 			page 10


DEFINED SYMBOLS
                            *ABS*:0000000000000000 usart.c
/var/folders/b6/_lrwbzzx5qg46wbggw31g5280000gn/T//cc63CLGQ.s:16     .text.MX_USART2_UART_Init:0000000000000000 $t
/var/folders/b6/_lrwbzzx5qg46wbggw31g5280000gn/T//cc63CLGQ.s:24     .text.MX_USART2_UART_Init:0000000000000000 MX_USART2_UART_Init
/var/folders/b6/_lrwbzzx5qg46wbggw31g5280000gn/T//cc63CLGQ.s:92     .text.MX_USART2_UART_Init:0000000000000034 $d
                            *COM*:0000000000000084 huart2
/var/folders/b6/_lrwbzzx5qg46wbggw31g5280000gn/T//cc63CLGQ.s:98     .text.HAL_UART_MspInit:0000000000000000 $t
/var/folders/b6/_lrwbzzx5qg46wbggw31g5280000gn/T//cc63CLGQ.s:105    .text.HAL_UART_MspInit:0000000000000000 HAL_UART_MspInit
/var/folders/b6/_lrwbzzx5qg46wbggw31g5280000gn/T//cc63CLGQ.s:201    .text.HAL_UART_MspInit:0000000000000058 $d
/var/folders/b6/_lrwbzzx5qg46wbggw31g5280000gn/T//cc63CLGQ.s:207    .text.HAL_UART_MspDeInit:0000000000000000 $t
/var/folders/b6/_lrwbzzx5qg46wbggw31g5280000gn/T//cc63CLGQ.s:214    .text.HAL_UART_MspDeInit:0000000000000000 HAL_UART_MspDeInit
/var/folders/b6/_lrwbzzx5qg46wbggw31g5280000gn/T//cc63CLGQ.s:260    .text.HAL_UART_MspDeInit:0000000000000024 $d
/var/folders/b6/_lrwbzzx5qg46wbggw31g5280000gn/T//cc63CLGQ.s:267    .text.UART_getInstance:0000000000000000 $t
/var/folders/b6/_lrwbzzx5qg46wbggw31g5280000gn/T//cc63CLGQ.s:274    .text.UART_getInstance:0000000000000000 UART_getInstance
/var/folders/b6/_lrwbzzx5qg46wbggw31g5280000gn/T//cc63CLGQ.s:302    .text.UART_getInstance:000000000000000c $d
/var/folders/b6/_lrwbzzx5qg46wbggw31g5280000gn/T//cc63CLGQ.s:307    .text.UART_print:0000000000000000 $t
/var/folders/b6/_lrwbzzx5qg46wbggw31g5280000gn/T//cc63CLGQ.s:314    .text.UART_print:0000000000000000 UART_print
/var/folders/b6/_lrwbzzx5qg46wbggw31g5280000gn/T//cc63CLGQ.s:347    .text.UART_print:0000000000000018 $d

UNDEFINED SYMBOLS
HAL_UART_Init
Error_Handler
memset
HAL_GPIO_Init
HAL_GPIO_DeInit
strlen
HAL_UART_Transmit
